2013-03-26 22:33:29.515 [debug] <0.44.0> Lager installed handler {lager_file_backend,"/tmp/riak/basho_bench-master/tests/20130326_223329/console.log"} into lager_event
2013-03-26 22:33:29.517 [debug] <0.46.0> Lager installed handler error_logger_lager_h into error_logger
2013-03-26 22:33:29.518 [info] <0.6.0> Application lager started on node nonode@nohost
2013-03-26 22:33:29.522 [info] <0.2.0>@basho_bench:log_dimensions:238 Est. data size: 4.77 GB
2013-03-26 22:33:29.545 [debug] <0.53.0> Supervisor sasl_safe_sup started alarm_handler:start_link() at pid <0.54.0>
2013-03-26 22:33:29.545 [debug] <0.53.0> Supervisor sasl_safe_sup started overload:start_link() at pid <0.55.0>
2013-03-26 22:33:29.546 [debug] <0.52.0> Supervisor sasl_sup started supervisor:start_link({local,sasl_safe_sup}, sasl, safe) at pid <0.53.0>
2013-03-26 22:33:29.546 [debug] <0.52.0> Supervisor sasl_sup started release_handler:start_link() at pid <0.56.0>
2013-03-26 22:33:29.546 [info] <0.6.0> Application sasl started on node nonode@nohost
2013-03-26 22:33:29.562 [debug] <0.61.0> Supervisor crypto_sup started crypto_server:start_link() at pid <0.62.0>
2013-03-26 22:33:29.562 [info] <0.6.0> Application crypto started on node nonode@nohost
2013-03-26 22:33:29.568 [debug] <0.71.0> Supervisor folsom_sup started folsom_sample_slide_sup:start_link() at pid <0.72.0>
2013-03-26 22:33:29.569 [debug] <0.71.0> Supervisor folsom_sup started folsom_meter_timer_server:start_link() at pid <0.73.0>
2013-03-26 22:33:29.570 [debug] <0.71.0> Supervisor folsom_sup started folsom_metrics_histogram_ets:start_link() at pid <0.74.0>
2013-03-26 22:33:29.570 [info] <0.6.0> Application folsom started on node nonode@nohost
2013-03-26 22:33:29.576 [debug] <0.66.0> Supervisor basho_bench_sup started basho_bench_stats:start_link() at pid <0.67.0>
2013-03-26 22:33:29.577 [warning] <0.77.0>@basho_bench_keygen:new:38 The int_to_bin key generator wrapper is deprecated, please use the int_to_bin_bigendian or int_to_bin_littleendian wrapper instead
2013-03-26 22:33:29.577 [debug] <0.77.0>@basho_bench_valgen:init_source:73 random source
2013-03-26 22:33:29.655 [info] <0.79.0>@basho_bench_driver_riakc_pb:new:79 Using target {216,10,199,105}:8087 for worker 1
2013-03-26 22:33:29.663 [warning] <0.81.0>@basho_bench_keygen:new:38 The int_to_bin key generator wrapper is deprecated, please use the int_to_bin_bigendian or int_to_bin_littleendian wrapper instead
2013-03-26 22:33:29.663 [debug] <0.66.0> Supervisor basho_bench_sup started basho_bench_worker:start_link(basho_bench_worker_1, 1) at pid <0.77.0>
2013-03-26 22:33:29.722 [info] <0.82.0>@basho_bench_driver_riakc_pb:new:79 Using target {216,10,198,198}:8087 for worker 2
2013-03-26 22:33:29.723 [warning] <0.84.0>@basho_bench_keygen:new:38 The int_to_bin key generator wrapper is deprecated, please use the int_to_bin_bigendian or int_to_bin_littleendian wrapper instead
2013-03-26 22:33:29.723 [debug] <0.66.0> Supervisor basho_bench_sup started basho_bench_worker:start_link(basho_bench_worker_2, 2) at pid <0.81.0>
2013-03-26 22:33:29.782 [info] <0.85.0>@basho_bench_driver_riakc_pb:new:79 Using target {216,10,198,197}:8087 for worker 3
2013-03-26 22:33:29.783 [warning] <0.87.0>@basho_bench_keygen:new:38 The int_to_bin key generator wrapper is deprecated, please use the int_to_bin_bigendian or int_to_bin_littleendian wrapper instead
2013-03-26 22:33:29.783 [debug] <0.66.0> Supervisor basho_bench_sup started basho_bench_worker:start_link(basho_bench_worker_3, 3) at pid <0.84.0>
2013-03-26 22:33:29.842 [info] <0.88.0>@basho_bench_driver_riakc_pb:new:79 Using target {216,10,199,104}:8087 for worker 4
2013-03-26 22:33:29.844 [warning] <0.90.0>@basho_bench_keygen:new:38 The int_to_bin key generator wrapper is deprecated, please use the int_to_bin_bigendian or int_to_bin_littleendian wrapper instead
2013-03-26 22:33:29.844 [debug] <0.66.0> Supervisor basho_bench_sup started basho_bench_worker:start_link(basho_bench_worker_4, 4) at pid <0.87.0>
2013-03-26 22:33:29.903 [info] <0.91.0>@basho_bench_driver_riakc_pb:new:79 Using target {216,10,199,103}:8087 for worker 5
2013-03-26 22:33:29.905 [warning] <0.93.0>@basho_bench_keygen:new:38 The int_to_bin key generator wrapper is deprecated, please use the int_to_bin_bigendian or int_to_bin_littleendian wrapper instead
2013-03-26 22:33:29.905 [debug] <0.66.0> Supervisor basho_bench_sup started basho_bench_worker:start_link(basho_bench_worker_5, 5) at pid <0.90.0>
2013-03-26 22:33:29.964 [info] <0.94.0>@basho_bench_driver_riakc_pb:new:79 Using target {216,10,199,102}:8087 for worker 6
2013-03-26 22:33:29.966 [warning] <0.96.0>@basho_bench_keygen:new:38 The int_to_bin key generator wrapper is deprecated, please use the int_to_bin_bigendian or int_to_bin_littleendian wrapper instead
2013-03-26 22:33:29.966 [debug] <0.66.0> Supervisor basho_bench_sup started basho_bench_worker:start_link(basho_bench_worker_6, 6) at pid <0.93.0>
2013-03-26 22:33:30.026 [info] <0.97.0>@basho_bench_driver_riakc_pb:new:79 Using target {216,10,199,101}:8087 for worker 7
2013-03-26 22:33:30.027 [warning] <0.99.0>@basho_bench_keygen:new:38 The int_to_bin key generator wrapper is deprecated, please use the int_to_bin_bigendian or int_to_bin_littleendian wrapper instead
2013-03-26 22:33:30.027 [debug] <0.66.0> Supervisor basho_bench_sup started basho_bench_worker:start_link(basho_bench_worker_7, 7) at pid <0.96.0>
2013-03-26 22:33:30.086 [info] <0.100.0>@basho_bench_driver_riakc_pb:new:79 Using target {216,10,199,106}:8087 for worker 8
2013-03-26 22:33:30.088 [warning] <0.102.0>@basho_bench_keygen:new:38 The int_to_bin key generator wrapper is deprecated, please use the int_to_bin_bigendian or int_to_bin_littleendian wrapper instead
2013-03-26 22:33:30.089 [debug] <0.66.0> Supervisor basho_bench_sup started basho_bench_worker:start_link(basho_bench_worker_8, 8) at pid <0.99.0>
2013-03-26 22:33:30.147 [info] <0.103.0>@basho_bench_driver_riakc_pb:new:79 Using target {216,10,199,105}:8087 for worker 9
2013-03-26 22:33:30.150 [warning] <0.105.0>@basho_bench_keygen:new:38 The int_to_bin key generator wrapper is deprecated, please use the int_to_bin_bigendian or int_to_bin_littleendian wrapper instead
2013-03-26 22:33:30.150 [debug] <0.66.0> Supervisor basho_bench_sup started basho_bench_worker:start_link(basho_bench_worker_9, 9) at pid <0.102.0>
2013-03-26 22:33:30.220 [info] <0.106.0>@basho_bench_driver_riakc_pb:new:79 Using target {216,10,198,198}:8087 for worker 10
2013-03-26 22:33:30.221 [warning] <0.108.0>@basho_bench_keygen:new:38 The int_to_bin key generator wrapper is deprecated, please use the int_to_bin_bigendian or int_to_bin_littleendian wrapper instead
2013-03-26 22:33:30.221 [debug] <0.66.0> Supervisor basho_bench_sup started basho_bench_worker:start_link(basho_bench_worker_10, 10) at pid <0.105.0>
2013-03-26 22:33:30.288 [info] <0.109.0>@basho_bench_driver_riakc_pb:new:79 Using target {216,10,198,197}:8087 for worker 11
2013-03-26 22:33:30.289 [warning] <0.111.0>@basho_bench_keygen:new:38 The int_to_bin key generator wrapper is deprecated, please use the int_to_bin_bigendian or int_to_bin_littleendian wrapper instead
2013-03-26 22:33:30.289 [debug] <0.66.0> Supervisor basho_bench_sup started basho_bench_worker:start_link(basho_bench_worker_11, 11) at pid <0.108.0>
2013-03-26 22:33:30.352 [info] <0.112.0>@basho_bench_driver_riakc_pb:new:79 Using target {216,10,199,104}:8087 for worker 12
2013-03-26 22:33:30.353 [warning] <0.114.0>@basho_bench_keygen:new:38 The int_to_bin key generator wrapper is deprecated, please use the int_to_bin_bigendian or int_to_bin_littleendian wrapper instead
2013-03-26 22:33:30.353 [debug] <0.66.0> Supervisor basho_bench_sup started basho_bench_worker:start_link(basho_bench_worker_12, 12) at pid <0.111.0>
2013-03-26 22:33:30.412 [info] <0.115.0>@basho_bench_driver_riakc_pb:new:79 Using target {216,10,199,103}:8087 for worker 13
2013-03-26 22:33:30.412 [warning] <0.117.0>@basho_bench_keygen:new:38 The int_to_bin key generator wrapper is deprecated, please use the int_to_bin_bigendian or int_to_bin_littleendian wrapper instead
2013-03-26 22:33:30.413 [debug] <0.66.0> Supervisor basho_bench_sup started basho_bench_worker:start_link(basho_bench_worker_13, 13) at pid <0.114.0>
2013-03-26 22:33:30.472 [info] <0.118.0>@basho_bench_driver_riakc_pb:new:79 Using target {216,10,199,102}:8087 for worker 14
2013-03-26 22:33:30.472 [warning] <0.120.0>@basho_bench_keygen:new:38 The int_to_bin key generator wrapper is deprecated, please use the int_to_bin_bigendian or int_to_bin_littleendian wrapper instead
2013-03-26 22:33:30.473 [debug] <0.66.0> Supervisor basho_bench_sup started basho_bench_worker:start_link(basho_bench_worker_14, 14) at pid <0.117.0>
2013-03-26 22:33:30.531 [info] <0.121.0>@basho_bench_driver_riakc_pb:new:79 Using target {216,10,199,101}:8087 for worker 15
2013-03-26 22:33:30.532 [warning] <0.123.0>@basho_bench_keygen:new:38 The int_to_bin key generator wrapper is deprecated, please use the int_to_bin_bigendian or int_to_bin_littleendian wrapper instead
2013-03-26 22:33:30.532 [debug] <0.66.0> Supervisor basho_bench_sup started basho_bench_worker:start_link(basho_bench_worker_15, 15) at pid <0.120.0>
2013-03-26 22:33:30.591 [info] <0.124.0>@basho_bench_driver_riakc_pb:new:79 Using target {216,10,199,106}:8087 for worker 16
2013-03-26 22:33:30.594 [warning] <0.126.0>@basho_bench_keygen:new:38 The int_to_bin key generator wrapper is deprecated, please use the int_to_bin_bigendian or int_to_bin_littleendian wrapper instead
2013-03-26 22:33:30.594 [debug] <0.66.0> Supervisor basho_bench_sup started basho_bench_worker:start_link(basho_bench_worker_16, 16) at pid <0.123.0>
2013-03-26 22:33:30.653 [info] <0.127.0>@basho_bench_driver_riakc_pb:new:79 Using target {216,10,199,105}:8087 for worker 17
2013-03-26 22:33:30.653 [warning] <0.129.0>@basho_bench_keygen:new:38 The int_to_bin key generator wrapper is deprecated, please use the int_to_bin_bigendian or int_to_bin_littleendian wrapper instead
2013-03-26 22:33:30.654 [debug] <0.66.0> Supervisor basho_bench_sup started basho_bench_worker:start_link(basho_bench_worker_17, 17) at pid <0.126.0>
2013-03-26 22:33:30.713 [info] <0.130.0>@basho_bench_driver_riakc_pb:new:79 Using target {216,10,198,198}:8087 for worker 18
2013-03-26 22:33:30.713 [warning] <0.132.0>@basho_bench_keygen:new:38 The int_to_bin key generator wrapper is deprecated, please use the int_to_bin_bigendian or int_to_bin_littleendian wrapper instead
2013-03-26 22:33:30.714 [debug] <0.66.0> Supervisor basho_bench_sup started basho_bench_worker:start_link(basho_bench_worker_18, 18) at pid <0.129.0>
2013-03-26 22:33:30.782 [info] <0.133.0>@basho_bench_driver_riakc_pb:new:79 Using target {216,10,198,197}:8087 for worker 19
2013-03-26 22:33:30.783 [warning] <0.135.0>@basho_bench_keygen:new:38 The int_to_bin key generator wrapper is deprecated, please use the int_to_bin_bigendian or int_to_bin_littleendian wrapper instead
2013-03-26 22:33:30.783 [debug] <0.66.0> Supervisor basho_bench_sup started basho_bench_worker:start_link(basho_bench_worker_19, 19) at pid <0.132.0>
2013-03-26 22:33:30.842 [info] <0.136.0>@basho_bench_driver_riakc_pb:new:79 Using target {216,10,199,104}:8087 for worker 20
2013-03-26 22:33:30.843 [debug] <0.66.0> Supervisor basho_bench_sup started basho_bench_worker:start_link(basho_bench_worker_20, 20) at pid <0.135.0>
2013-03-26 22:33:30.844 [debug] <0.25.0> Supervisor kernel_safe_sup started timer:start_link() at pid <0.138.0>
2013-03-26 22:33:30.845 [info] <0.136.0>@basho_bench_worker:worker_idle_loop:221 Starting max worker: <0.136.0>
2013-03-26 22:33:30.845 [info] <0.133.0>@basho_bench_worker:worker_idle_loop:221 Starting max worker: <0.133.0>
2013-03-26 22:33:30.845 [info] <0.127.0>@basho_bench_worker:worker_idle_loop:221 Starting max worker: <0.127.0>
2013-03-26 22:33:30.845 [info] <0.130.0>@basho_bench_worker:worker_idle_loop:221 Starting max worker: <0.130.0>
2013-03-26 22:33:30.845 [info] <0.124.0>@basho_bench_worker:worker_idle_loop:221 Starting max worker: <0.124.0>
2013-03-26 22:33:30.845 [debug] <0.139.0>@basho_bench_keygen:sequential_int_generator:160 sequential_int_gen: <0.136.0>: 0 (0%)
2013-03-26 22:33:30.845 [info] <0.121.0>@basho_bench_worker:worker_idle_loop:221 Starting max worker: <0.121.0>
2013-03-26 22:33:30.845 [debug] <0.141.0>@basho_bench_keygen:sequential_int_generator:160 sequential_int_gen: <0.133.0>: 0 (0%)
2013-03-26 22:33:30.845 [debug] <0.140.0>@basho_bench_keygen:sequential_int_generator:160 sequential_int_gen: <0.130.0>: 0 (0%)
2013-03-26 22:33:30.845 [debug] <0.142.0>@basho_bench_keygen:sequential_int_generator:160 sequential_int_gen: <0.127.0>: 0 (0%)
2013-03-26 22:33:30.845 [debug] <0.143.0>@basho_bench_keygen:sequential_int_generator:160 sequential_int_gen: <0.124.0>: 0 (0%)
2013-03-26 22:33:30.845 [info] <0.118.0>@basho_bench_worker:worker_idle_loop:221 Starting max worker: <0.118.0>
2013-03-26 22:33:30.845 [debug] <0.144.0>@basho_bench_keygen:sequential_int_generator:160 sequential_int_gen: <0.121.0>: 0 (0%)
2013-03-26 22:33:30.845 [info] <0.115.0>@basho_bench_worker:worker_idle_loop:221 Starting max worker: <0.115.0>
2013-03-26 22:33:30.846 [info] <0.109.0>@basho_bench_worker:worker_idle_loop:221 Starting max worker: <0.109.0>
2013-03-26 22:33:30.846 [info] <0.112.0>@basho_bench_worker:worker_idle_loop:221 Starting max worker: <0.112.0>
2013-03-26 22:33:30.846 [info] <0.106.0>@basho_bench_worker:worker_idle_loop:221 Starting max worker: <0.106.0>
2013-03-26 22:33:30.846 [info] <0.100.0>@basho_bench_worker:worker_idle_loop:221 Starting max worker: <0.100.0>
2013-03-26 22:33:30.846 [info] <0.103.0>@basho_bench_worker:worker_idle_loop:221 Starting max worker: <0.103.0>
2013-03-26 22:33:30.846 [info] <0.97.0>@basho_bench_worker:worker_idle_loop:221 Starting max worker: <0.97.0>
2013-03-26 22:33:30.846 [info] <0.6.0> Application basho_bench started on node nonode@nohost
2013-03-26 22:33:30.846 [info] <0.94.0>@basho_bench_worker:worker_idle_loop:221 Starting max worker: <0.94.0>
2013-03-26 22:33:30.846 [info] <0.91.0>@basho_bench_worker:worker_idle_loop:221 Starting max worker: <0.91.0>
2013-03-26 22:33:30.846 [debug] <0.145.0>@basho_bench_keygen:sequential_int_generator:160 sequential_int_gen: <0.118.0>: 0 (0%)
2013-03-26 22:33:30.846 [info] <0.79.0>@basho_bench_worker:worker_idle_loop:221 Starting max worker: <0.79.0>
2013-03-26 22:33:30.846 [info] <0.88.0>@basho_bench_worker:worker_idle_loop:221 Starting max worker: <0.88.0>
2013-03-26 22:33:30.846 [info] <0.85.0>@basho_bench_worker:worker_idle_loop:221 Starting max worker: <0.85.0>
2013-03-26 22:33:30.846 [info] <0.82.0>@basho_bench_worker:worker_idle_loop:221 Starting max worker: <0.82.0>
2013-03-26 22:33:30.846 [debug] <0.146.0>@basho_bench_keygen:sequential_int_generator:160 sequential_int_gen: <0.115.0>: 0 (0%)
2013-03-26 22:33:30.846 [debug] <0.149.0>@basho_bench_keygen:sequential_int_generator:160 sequential_int_gen: <0.112.0>: 0 (0%)
2013-03-26 22:33:30.846 [debug] <0.147.0>@basho_bench_keygen:sequential_int_generator:160 sequential_int_gen: <0.109.0>: 0 (0%)
2013-03-26 22:33:30.846 [debug] <0.148.0>@basho_bench_keygen:sequential_int_generator:160 sequential_int_gen: <0.106.0>: 0 (0%)
2013-03-26 22:33:30.846 [debug] <0.150.0>@basho_bench_keygen:sequential_int_generator:160 sequential_int_gen: <0.100.0>: 0 (0%)
2013-03-26 22:33:30.846 [debug] <0.151.0>@basho_bench_keygen:sequential_int_generator:160 sequential_int_gen: <0.103.0>: 0 (0%)
2013-03-26 22:33:30.846 [debug] <0.152.0>@basho_bench_keygen:sequential_int_generator:160 sequential_int_gen: <0.97.0>: 0 (0%)
2013-03-26 22:33:30.847 [debug] <0.153.0>@basho_bench_keygen:sequential_int_generator:160 sequential_int_gen: <0.94.0>: 0 (0%)
2013-03-26 22:33:30.847 [debug] <0.154.0>@basho_bench_keygen:sequential_int_generator:160 sequential_int_gen: <0.91.0>: 0 (0%)
2013-03-26 22:33:30.847 [debug] <0.155.0>@basho_bench_keygen:sequential_int_generator:160 sequential_int_gen: <0.79.0>: 0 (0%)
2013-03-26 22:33:30.847 [debug] <0.156.0>@basho_bench_keygen:sequential_int_generator:160 sequential_int_gen: <0.88.0>: 0 (0%)
2013-03-26 22:33:30.847 [debug] <0.157.0>@basho_bench_keygen:sequential_int_generator:160 sequential_int_gen: <0.85.0>: 0 (0%)
2013-03-26 22:33:30.847 [debug] <0.158.0>@basho_bench_keygen:sequential_int_generator:160 sequential_int_gen: <0.82.0>: 0 (0%)
2013-03-26 22:34:32.165 [debug] <0.159.0>@basho_bench_keygen:sequential_int_generator:160 sequential_int_gen: <0.121.0>: 5000 (5%)
2013-03-26 22:34:32.180 [debug] <0.160.0>@basho_bench_keygen:sequential_int_generator:160 sequential_int_gen: <0.136.0>: 5000 (5%)
2013-03-26 22:34:32.182 [debug] <0.161.0>@basho_bench_keygen:sequential_int_generator:160 sequential_int_gen: <0.97.0>: 5000 (5%)
2013-03-26 22:34:32.217 [debug] <0.162.0>@basho_bench_keygen:sequential_int_generator:160 sequential_int_gen: <0.88.0>: 5000 (5%)
2013-03-26 22:34:32.268 [debug] <0.163.0>@basho_bench_keygen:sequential_int_generator:160 sequential_int_gen: <0.91.0>: 5000 (5%)
2013-03-26 22:34:32.287 [debug] <0.164.0>@basho_bench_keygen:sequential_int_generator:160 sequential_int_gen: <0.85.0>: 5000 (5%)
2013-03-26 22:34:32.291 [debug] <0.165.0>@basho_bench_keygen:sequential_int_generator:160 sequential_int_gen: <0.133.0>: 5000 (5%)
2013-03-26 22:34:32.296 [debug] <0.166.0>@basho_bench_keygen:sequential_int_generator:160 sequential_int_gen: <0.115.0>: 5000 (5%)
2013-03-26 22:34:32.338 [debug] <0.167.0>@basho_bench_keygen:sequential_int_generator:160 sequential_int_gen: <0.112.0>: 5000 (5%)
2013-03-26 22:34:32.398 [debug] <0.168.0>@basho_bench_keygen:sequential_int_generator:160 sequential_int_gen: <0.118.0>: 5000 (5%)
2013-03-26 22:34:32.459 [debug] <0.169.0>@basho_bench_keygen:sequential_int_generator:160 sequential_int_gen: <0.109.0>: 5000 (5%)
2013-03-26 22:34:32.462 [debug] <0.170.0>@basho_bench_keygen:sequential_int_generator:160 sequential_int_gen: <0.94.0>: 5000 (5%)
2013-03-26 22:34:33.020 [debug] <0.171.0>@basho_bench_keygen:sequential_int_generator:160 sequential_int_gen: <0.124.0>: 5000 (5%)
2013-03-26 22:34:33.036 [debug] <0.172.0>@basho_bench_keygen:sequential_int_generator:160 sequential_int_gen: <0.130.0>: 5000 (5%)
2013-03-26 22:34:33.089 [debug] <0.173.0>@basho_bench_keygen:sequential_int_generator:160 sequential_int_gen: <0.82.0>: 5000 (5%)
2013-03-26 22:34:33.096 [debug] <0.174.0>@basho_bench_keygen:sequential_int_generator:160 sequential_int_gen: <0.100.0>: 5000 (5%)
2013-03-26 22:34:33.121 [debug] <0.175.0>@basho_bench_keygen:sequential_int_generator:160 sequential_int_gen: <0.79.0>: 5000 (5%)
2013-03-26 22:34:33.145 [debug] <0.176.0>@basho_bench_keygen:sequential_int_generator:160 sequential_int_gen: <0.103.0>: 5000 (5%)
2013-03-26 22:34:33.719 [debug] <0.177.0>@basho_bench_keygen:sequential_int_generator:160 sequential_int_gen: <0.127.0>: 5000 (5%)
2013-03-26 22:34:34.350 [debug] <0.178.0>@basho_bench_keygen:sequential_int_generator:160 sequential_int_gen: <0.106.0>: 5000 (5%)
2013-03-26 22:35:32.058 [debug] <0.179.0>@basho_bench_keygen:sequential_int_generator:160 sequential_int_gen: <0.115.0>: 10000 (10%)
2013-03-26 22:35:32.234 [debug] <0.180.0>@basho_bench_keygen:sequential_int_generator:160 sequential_int_gen: <0.121.0>: 10000 (10%)
2013-03-26 22:35:32.419 [debug] <0.181.0>@basho_bench_keygen:sequential_int_generator:160 sequential_int_gen: <0.136.0>: 10000 (10%)
2013-03-26 22:35:32.427 [debug] <0.182.0>@basho_bench_keygen:sequential_int_generator:160 sequential_int_gen: <0.91.0>: 10000 (10%)
2013-03-26 22:35:32.493 [debug] <0.183.0>@basho_bench_keygen:sequential_int_generator:160 sequential_int_gen: <0.97.0>: 10000 (10%)
2013-03-26 22:35:32.515 [debug] <0.184.0>@basho_bench_keygen:sequential_int_generator:160 sequential_int_gen: <0.88.0>: 10000 (10%)
2013-03-26 22:35:32.579 [debug] <0.185.0>@basho_bench_keygen:sequential_int_generator:160 sequential_int_gen: <0.112.0>: 10000 (10%)
2013-03-26 22:35:33.582 [debug] <0.186.0>@basho_bench_keygen:sequential_int_generator:160 sequential_int_gen: <0.85.0>: 10000 (10%)
2013-03-26 22:35:33.684 [debug] <0.187.0>@basho_bench_keygen:sequential_int_generator:160 sequential_int_gen: <0.118.0>: 10000 (10%)
2013-03-26 22:35:33.783 [debug] <0.188.0>@basho_bench_keygen:sequential_int_generator:160 sequential_int_gen: <0.94.0>: 10000 (10%)
2013-03-26 22:35:33.824 [debug] <0.189.0>@basho_bench_keygen:sequential_int_generator:160 sequential_int_gen: <0.133.0>: 10000 (10%)
2013-03-26 22:35:33.925 [debug] <0.190.0>@basho_bench_keygen:sequential_int_generator:160 sequential_int_gen: <0.124.0>: 10000 (10%)
2013-03-26 22:35:34.161 [debug] <0.191.0>@basho_bench_keygen:sequential_int_generator:160 sequential_int_gen: <0.109.0>: 10000 (10%)
2013-03-26 22:35:34.322 [debug] <0.192.0>@basho_bench_keygen:sequential_int_generator:160 sequential_int_gen: <0.100.0>: 10000 (10%)
2013-03-26 22:35:34.402 [debug] <0.193.0>@basho_bench_keygen:sequential_int_generator:160 sequential_int_gen: <0.130.0>: 10000 (10%)
2013-03-26 22:35:34.646 [debug] <0.194.0>@basho_bench_keygen:sequential_int_generator:160 sequential_int_gen: <0.82.0>: 10000 (10%)
2013-03-26 22:35:34.975 [debug] <0.195.0>@basho_bench_keygen:sequential_int_generator:160 sequential_int_gen: <0.106.0>: 10000 (10%)
2013-03-26 22:35:35.149 [debug] <0.196.0>@basho_bench_keygen:sequential_int_generator:160 sequential_int_gen: <0.103.0>: 10000 (10%)
2013-03-26 22:35:35.308 [debug] <0.197.0>@basho_bench_keygen:sequential_int_generator:160 sequential_int_gen: <0.79.0>: 10000 (10%)
2013-03-26 22:35:36.123 [debug] <0.198.0>@basho_bench_keygen:sequential_int_generator:160 sequential_int_gen: <0.127.0>: 10000 (10%)
2013-03-26 22:36:31.171 [debug] <0.199.0>@basho_bench_keygen:sequential_int_generator:160 sequential_int_gen: <0.97.0>: 15000 (15%)
2013-03-26 22:36:31.224 [debug] <0.200.0>@basho_bench_keygen:sequential_int_generator:160 sequential_int_gen: <0.121.0>: 15000 (15%)
2013-03-26 22:36:31.270 [debug] <0.201.0>@basho_bench_keygen:sequential_int_generator:160 sequential_int_gen: <0.91.0>: 15000 (15%)
2013-03-26 22:36:31.835 [debug] <0.202.0>@basho_bench_keygen:sequential_int_generator:160 sequential_int_gen: <0.109.0>: 15000 (15%)
2013-03-26 22:36:31.896 [debug] <0.203.0>@basho_bench_keygen:sequential_int_generator:160 sequential_int_gen: <0.112.0>: 15000 (15%)
2013-03-26 22:36:31.989 [debug] <0.204.0>@basho_bench_keygen:sequential_int_generator:160 sequential_int_gen: <0.115.0>: 15000 (15%)
2013-03-26 22:36:32.124 [debug] <0.205.0>@basho_bench_keygen:sequential_int_generator:160 sequential_int_gen: <0.88.0>: 15000 (15%)
2013-03-26 22:36:32.237 [debug] <0.206.0>@basho_bench_keygen:sequential_int_generator:160 sequential_int_gen: <0.85.0>: 15000 (15%)
2013-03-26 22:36:32.484 [debug] <0.207.0>@basho_bench_keygen:sequential_int_generator:160 sequential_int_gen: <0.136.0>: 15000 (15%)
2013-03-26 22:36:32.628 [debug] <0.208.0>@basho_bench_keygen:sequential_int_generator:160 sequential_int_gen: <0.133.0>: 15000 (15%)
2013-03-26 22:36:33.240 [debug] <0.209.0>@basho_bench_keygen:sequential_int_generator:160 sequential_int_gen: <0.118.0>: 15000 (15%)
2013-03-26 22:36:33.655 [debug] <0.210.0>@basho_bench_keygen:sequential_int_generator:160 sequential_int_gen: <0.94.0>: 15000 (15%)
2013-03-26 22:36:36.262 [debug] <0.211.0>@basho_bench_keygen:sequential_int_generator:160 sequential_int_gen: <0.82.0>: 15000 (15%)
2013-03-26 22:36:36.342 [debug] <0.212.0>@basho_bench_keygen:sequential_int_generator:160 sequential_int_gen: <0.130.0>: 15000 (15%)
2013-03-26 22:36:36.849 [debug] <0.213.0>@basho_bench_keygen:sequential_int_generator:160 sequential_int_gen: <0.100.0>: 15000 (15%)
2013-03-26 22:36:37.300 [debug] <0.214.0>@basho_bench_keygen:sequential_int_generator:160 sequential_int_gen: <0.106.0>: 15000 (15%)
2013-03-26 22:36:38.451 [debug] <0.215.0>@basho_bench_keygen:sequential_int_generator:160 sequential_int_gen: <0.124.0>: 15000 (15%)
2013-03-26 22:36:38.472 [debug] <0.216.0>@basho_bench_keygen:sequential_int_generator:160 sequential_int_gen: <0.103.0>: 15000 (15%)
2013-03-26 22:36:39.103 [debug] <0.217.0>@basho_bench_keygen:sequential_int_generator:160 sequential_int_gen: <0.79.0>: 15000 (15%)
2013-03-26 22:36:39.880 [debug] <0.218.0>@basho_bench_keygen:sequential_int_generator:160 sequential_int_gen: <0.127.0>: 15000 (15%)
2013-03-26 22:37:30.838 [debug] <0.219.0>@basho_bench_keygen:sequential_int_generator:160 sequential_int_gen: <0.133.0>: 20000 (20%)
2013-03-26 22:37:30.838 [debug] <0.220.0>@basho_bench_keygen:sequential_int_generator:160 sequential_int_gen: <0.97.0>: 20000 (20%)
2013-03-26 22:37:30.843 [debug] <0.221.0>@basho_bench_keygen:sequential_int_generator:160 sequential_int_gen: <0.121.0>: 20000 (20%)
2013-03-26 22:37:30.914 [debug] <0.222.0>@basho_bench_keygen:sequential_int_generator:160 sequential_int_gen: <0.91.0>: 20000 (20%)
2013-03-26 22:37:30.970 [debug] <0.223.0>@basho_bench_keygen:sequential_int_generator:160 sequential_int_gen: <0.115.0>: 20000 (20%)
2013-03-26 22:37:30.988 [debug] <0.224.0>@basho_bench_keygen:sequential_int_generator:160 sequential_int_gen: <0.85.0>: 20000 (20%)
2013-03-26 22:37:31.053 [debug] <0.225.0>@basho_bench_keygen:sequential_int_generator:160 sequential_int_gen: <0.109.0>: 20000 (20%)
2013-03-26 22:37:32.111 [debug] <0.226.0>@basho_bench_keygen:sequential_int_generator:160 sequential_int_gen: <0.112.0>: 20000 (20%)
2013-03-26 22:37:32.185 [debug] <0.227.0>@basho_bench_keygen:sequential_int_generator:160 sequential_int_gen: <0.136.0>: 20000 (20%)
2013-03-26 22:37:32.381 [debug] <0.228.0>@basho_bench_keygen:sequential_int_generator:160 sequential_int_gen: <0.88.0>: 20000 (20%)
2013-03-26 22:37:32.598 [debug] <0.229.0>@basho_bench_keygen:sequential_int_generator:160 sequential_int_gen: <0.94.0>: 20000 (20%)
2013-03-26 22:37:32.680 [debug] <0.230.0>@basho_bench_keygen:sequential_int_generator:160 sequential_int_gen: <0.118.0>: 20000 (20%)
2013-03-26 22:37:34.385 [debug] <0.231.0>@basho_bench_keygen:sequential_int_generator:160 sequential_int_gen: <0.82.0>: 20000 (20%)
2013-03-26 22:37:35.135 [debug] <0.232.0>@basho_bench_keygen:sequential_int_generator:160 sequential_int_gen: <0.106.0>: 20000 (20%)
2013-03-26 22:37:35.452 [debug] <0.233.0>@basho_bench_keygen:sequential_int_generator:160 sequential_int_gen: <0.130.0>: 20000 (20%)
2013-03-26 22:37:39.065 [debug] <0.234.0>@basho_bench_keygen:sequential_int_generator:160 sequential_int_gen: <0.100.0>: 20000 (20%)
2013-03-26 22:37:40.014 [debug] <0.235.0>@basho_bench_keygen:sequential_int_generator:160 sequential_int_gen: <0.103.0>: 20000 (20%)
2013-03-26 22:37:42.630 [debug] <0.236.0>@basho_bench_keygen:sequential_int_generator:160 sequential_int_gen: <0.127.0>: 20000 (20%)
2013-03-26 22:37:43.981 [debug] <0.237.0>@basho_bench_keygen:sequential_int_generator:160 sequential_int_gen: <0.124.0>: 20000 (20%)
2013-03-26 22:37:44.198 [debug] <0.238.0>@basho_bench_keygen:sequential_int_generator:160 sequential_int_gen: <0.79.0>: 20000 (20%)
2013-03-26 22:38:29.725 [debug] <0.239.0>@basho_bench_keygen:sequential_int_generator:160 sequential_int_gen: <0.121.0>: 25000 (25%)
2013-03-26 22:38:29.760 [debug] <0.240.0>@basho_bench_keygen:sequential_int_generator:160 sequential_int_gen: <0.97.0>: 25000 (25%)
2013-03-26 22:38:29.763 [debug] <0.241.0>@basho_bench_keygen:sequential_int_generator:160 sequential_int_gen: <0.91.0>: 25000 (25%)
2013-03-26 22:38:29.826 [debug] <0.242.0>@basho_bench_keygen:sequential_int_generator:160 sequential_int_gen: <0.85.0>: 25000 (25%)
2013-03-26 22:38:29.866 [debug] <0.243.0>@basho_bench_keygen:sequential_int_generator:160 sequential_int_gen: <0.115.0>: 25000 (25%)
2013-03-26 22:38:29.993 [debug] <0.244.0>@basho_bench_keygen:sequential_int_generator:160 sequential_int_gen: <0.133.0>: 25000 (25%)
2013-03-26 22:38:30.046 [debug] <0.245.0>@basho_bench_keygen:sequential_int_generator:160 sequential_int_gen: <0.109.0>: 25000 (25%)
2013-03-26 22:38:31.224 [debug] <0.246.0>@basho_bench_keygen:sequential_int_generator:160 sequential_int_gen: <0.88.0>: 25000 (25%)
2013-03-26 22:38:31.346 [debug] <0.247.0>@basho_bench_keygen:sequential_int_generator:160 sequential_int_gen: <0.112.0>: 25000 (25%)
2013-03-26 22:38:31.401 [debug] <0.248.0>@basho_bench_keygen:sequential_int_generator:160 sequential_int_gen: <0.94.0>: 25000 (25%)
2013-03-26 22:38:31.517 [debug] <0.249.0>@basho_bench_keygen:sequential_int_generator:160 sequential_int_gen: <0.118.0>: 25000 (25%)
2013-03-26 22:38:31.537 [debug] <0.250.0>@basho_bench_keygen:sequential_int_generator:160 sequential_int_gen: <0.136.0>: 25000 (25%)
2013-03-26 22:38:32.892 [debug] <0.251.0>@basho_bench_keygen:sequential_int_generator:160 sequential_int_gen: <0.82.0>: 25000 (25%)
2013-03-26 22:38:33.273 [debug] <0.252.0>@basho_bench_keygen:sequential_int_generator:160 sequential_int_gen: <0.130.0>: 25000 (25%)
2013-03-26 22:38:33.521 [debug] <0.253.0>@basho_bench_keygen:sequential_int_generator:160 sequential_int_gen: <0.106.0>: 25000 (25%)
2013-03-26 22:38:40.436 [debug] <0.254.0>@basho_bench_keygen:sequential_int_generator:160 sequential_int_gen: <0.100.0>: 25000 (25%)
2013-03-26 22:38:42.391 [debug] <0.255.0>@basho_bench_keygen:sequential_int_generator:160 sequential_int_gen: <0.103.0>: 25000 (25%)
2013-03-26 22:38:45.387 [debug] <0.256.0>@basho_bench_keygen:sequential_int_generator:160 sequential_int_gen: <0.127.0>: 25000 (25%)
2013-03-26 22:38:45.577 [debug] <0.257.0>@basho_bench_keygen:sequential_int_generator:160 sequential_int_gen: <0.124.0>: 25000 (25%)
2013-03-26 22:38:47.679 [debug] <0.258.0>@basho_bench_keygen:sequential_int_generator:160 sequential_int_gen: <0.79.0>: 25000 (25%)
2013-03-26 22:39:29.729 [debug] <0.259.0>@basho_bench_keygen:sequential_int_generator:160 sequential_int_gen: <0.121.0>: 30000 (30%)
2013-03-26 22:39:31.020 [debug] <0.260.0>@basho_bench_keygen:sequential_int_generator:160 sequential_int_gen: <0.115.0>: 30000 (30%)
2013-03-26 22:39:31.023 [debug] <0.261.0>@basho_bench_keygen:sequential_int_generator:160 sequential_int_gen: <0.91.0>: 30000 (30%)
2013-03-26 22:39:31.284 [debug] <0.262.0>@basho_bench_keygen:sequential_int_generator:160 sequential_int_gen: <0.97.0>: 30000 (30%)
2013-03-26 22:39:31.733 [debug] <0.263.0>@basho_bench_keygen:sequential_int_generator:160 sequential_int_gen: <0.109.0>: 30000 (30%)
2013-03-26 22:39:31.963 [debug] <0.264.0>@basho_bench_keygen:sequential_int_generator:160 sequential_int_gen: <0.133.0>: 30000 (30%)
2013-03-26 22:39:31.965 [debug] <0.265.0>@basho_bench_keygen:sequential_int_generator:160 sequential_int_gen: <0.85.0>: 30000 (30%)
2013-03-26 22:39:32.827 [debug] <0.266.0>@basho_bench_keygen:sequential_int_generator:160 sequential_int_gen: <0.94.0>: 30000 (30%)
2013-03-26 22:39:32.878 [debug] <0.267.0>@basho_bench_keygen:sequential_int_generator:160 sequential_int_gen: <0.136.0>: 30000 (30%)
2013-03-26 22:39:32.886 [debug] <0.268.0>@basho_bench_keygen:sequential_int_generator:160 sequential_int_gen: <0.88.0>: 30000 (30%)
2013-03-26 22:39:33.085 [debug] <0.269.0>@basho_bench_keygen:sequential_int_generator:160 sequential_int_gen: <0.82.0>: 30000 (30%)
2013-03-26 22:39:33.109 [debug] <0.270.0>@basho_bench_keygen:sequential_int_generator:160 sequential_int_gen: <0.112.0>: 30000 (30%)
2013-03-26 22:39:33.359 [debug] <0.271.0>@basho_bench_keygen:sequential_int_generator:160 sequential_int_gen: <0.118.0>: 30000 (30%)
2013-03-26 22:39:34.599 [debug] <0.272.0>@basho_bench_keygen:sequential_int_generator:160 sequential_int_gen: <0.130.0>: 30000 (30%)
2013-03-26 22:39:35.145 [debug] <0.273.0>@basho_bench_keygen:sequential_int_generator:160 sequential_int_gen: <0.106.0>: 30000 (30%)
2013-03-26 22:39:40.037 [debug] <0.274.0>@basho_bench_keygen:sequential_int_generator:160 sequential_int_gen: <0.100.0>: 30000 (30%)
2013-03-26 22:39:43.762 [debug] <0.275.0>@basho_bench_keygen:sequential_int_generator:160 sequential_int_gen: <0.103.0>: 30000 (30%)
2013-03-26 22:39:45.102 [debug] <0.276.0>@basho_bench_keygen:sequential_int_generator:160 sequential_int_gen: <0.124.0>: 30000 (30%)
2013-03-26 22:39:47.262 [debug] <0.277.0>@basho_bench_keygen:sequential_int_generator:160 sequential_int_gen: <0.127.0>: 30000 (30%)
2013-03-26 22:39:48.418 [debug] <0.278.0>@basho_bench_keygen:sequential_int_generator:160 sequential_int_gen: <0.79.0>: 30000 (30%)
2013-03-26 22:40:30.403 [debug] <0.279.0>@basho_bench_keygen:sequential_int_generator:160 sequential_int_gen: <0.91.0>: 35000 (35%)
2013-03-26 22:40:30.751 [debug] <0.280.0>@basho_bench_keygen:sequential_int_generator:160 sequential_int_gen: <0.115.0>: 35000 (35%)
2013-03-26 22:40:30.874 [debug] <0.281.0>@basho_bench_keygen:sequential_int_generator:160 sequential_int_gen: <0.121.0>: 35000 (35%)
2013-03-26 22:40:30.988 [debug] <0.282.0>@basho_bench_keygen:sequential_int_generator:160 sequential_int_gen: <0.97.0>: 35000 (35%)
2013-03-26 22:40:31.028 [debug] <0.283.0>@basho_bench_keygen:sequential_int_generator:160 sequential_int_gen: <0.133.0>: 35000 (35%)
2013-03-26 22:40:31.065 [debug] <0.284.0>@basho_bench_keygen:sequential_int_generator:160 sequential_int_gen: <0.136.0>: 35000 (35%)
2013-03-26 22:40:31.077 [debug] <0.285.0>@basho_bench_keygen:sequential_int_generator:160 sequential_int_gen: <0.88.0>: 35000 (35%)
2013-03-26 22:40:31.126 [debug] <0.286.0>@basho_bench_keygen:sequential_int_generator:160 sequential_int_gen: <0.112.0>: 35000 (35%)
2013-03-26 22:40:31.597 [debug] <0.287.0>@basho_bench_keygen:sequential_int_generator:160 sequential_int_gen: <0.109.0>: 35000 (35%)
2013-03-26 22:40:31.714 [debug] <0.288.0>@basho_bench_keygen:sequential_int_generator:160 sequential_int_gen: <0.85.0>: 35000 (35%)
2013-03-26 22:40:34.575 [debug] <0.289.0>@basho_bench_keygen:sequential_int_generator:160 sequential_int_gen: <0.94.0>: 35000 (35%)
2013-03-26 22:40:35.103 [debug] <0.290.0>@basho_bench_keygen:sequential_int_generator:160 sequential_int_gen: <0.82.0>: 35000 (35%)
2013-03-26 22:40:35.285 [debug] <0.291.0>@basho_bench_keygen:sequential_int_generator:160 sequential_int_gen: <0.118.0>: 35000 (35%)
2013-03-26 22:40:35.353 [debug] <0.292.0>@basho_bench_keygen:sequential_int_generator:160 sequential_int_gen: <0.130.0>: 35000 (35%)
2013-03-26 22:40:36.342 [debug] <0.293.0>@basho_bench_keygen:sequential_int_generator:160 sequential_int_gen: <0.106.0>: 35000 (35%)
2013-03-26 22:40:43.235 [debug] <0.294.0>@basho_bench_keygen:sequential_int_generator:160 sequential_int_gen: <0.103.0>: 35000 (35%)
2013-03-26 22:40:43.329 [debug] <0.295.0>@basho_bench_keygen:sequential_int_generator:160 sequential_int_gen: <0.100.0>: 35000 (35%)
2013-03-26 22:40:47.478 [debug] <0.296.0>@basho_bench_keygen:sequential_int_generator:160 sequential_int_gen: <0.127.0>: 35000 (35%)
2013-03-26 22:40:48.356 [debug] <0.297.0>@basho_bench_keygen:sequential_int_generator:160 sequential_int_gen: <0.124.0>: 35000 (35%)
2013-03-26 22:40:48.713 [debug] <0.298.0>@basho_bench_keygen:sequential_int_generator:160 sequential_int_gen: <0.79.0>: 35000 (35%)
2013-03-26 22:41:29.960 [debug] <0.299.0>@basho_bench_keygen:sequential_int_generator:160 sequential_int_gen: <0.97.0>: 40000 (40%)
2013-03-26 22:41:29.982 [debug] <0.300.0>@basho_bench_keygen:sequential_int_generator:160 sequential_int_gen: <0.121.0>: 40000 (40%)
2013-03-26 22:41:30.882 [debug] <0.301.0>@basho_bench_keygen:sequential_int_generator:160 sequential_int_gen: <0.133.0>: 40000 (40%)
2013-03-26 22:41:30.963 [debug] <0.302.0>@basho_bench_keygen:sequential_int_generator:160 sequential_int_gen: <0.109.0>: 40000 (40%)
2013-03-26 22:41:31.413 [debug] <0.303.0>@basho_bench_keygen:sequential_int_generator:160 sequential_int_gen: <0.85.0>: 40000 (40%)
2013-03-26 22:41:31.901 [debug] <0.304.0>@basho_bench_keygen:sequential_int_generator:160 sequential_int_gen: <0.91.0>: 40000 (40%)
2013-03-26 22:41:31.955 [debug] <0.305.0>@basho_bench_keygen:sequential_int_generator:160 sequential_int_gen: <0.112.0>: 40000 (40%)
2013-03-26 22:41:32.036 [debug] <0.306.0>@basho_bench_keygen:sequential_int_generator:160 sequential_int_gen: <0.136.0>: 40000 (40%)
2013-03-26 22:41:32.088 [debug] <0.307.0>@basho_bench_keygen:sequential_int_generator:160 sequential_int_gen: <0.88.0>: 40000 (40%)
2013-03-26 22:41:32.280 [debug] <0.308.0>@basho_bench_keygen:sequential_int_generator:160 sequential_int_gen: <0.115.0>: 40000 (40%)
2013-03-26 22:41:33.510 [debug] <0.309.0>@basho_bench_keygen:sequential_int_generator:160 sequential_int_gen: <0.118.0>: 40000 (40%)
2013-03-26 22:41:33.527 [debug] <0.310.0>@basho_bench_keygen:sequential_int_generator:160 sequential_int_gen: <0.130.0>: 40000 (40%)
2013-03-26 22:41:33.544 [debug] <0.311.0>@basho_bench_keygen:sequential_int_generator:160 sequential_int_gen: <0.82.0>: 40000 (40%)
2013-03-26 22:41:33.580 [debug] <0.312.0>@basho_bench_keygen:sequential_int_generator:160 sequential_int_gen: <0.94.0>: 40000 (40%)
2013-03-26 22:41:34.319 [debug] <0.313.0>@basho_bench_keygen:sequential_int_generator:160 sequential_int_gen: <0.106.0>: 40000 (40%)
2013-03-26 22:41:41.188 [debug] <0.314.0>@basho_bench_keygen:sequential_int_generator:160 sequential_int_gen: <0.103.0>: 40000 (40%)
2013-03-26 22:41:45.426 [debug] <0.315.0>@basho_bench_keygen:sequential_int_generator:160 sequential_int_gen: <0.127.0>: 40000 (40%)
2013-03-26 22:41:45.684 [debug] <0.316.0>@basho_bench_keygen:sequential_int_generator:160 sequential_int_gen: <0.100.0>: 40000 (40%)
2013-03-26 22:41:47.875 [debug] <0.317.0>@basho_bench_keygen:sequential_int_generator:160 sequential_int_gen: <0.79.0>: 40000 (40%)
2013-03-26 22:41:50.723 [debug] <0.318.0>@basho_bench_keygen:sequential_int_generator:160 sequential_int_gen: <0.124.0>: 40000 (40%)
2013-03-26 22:42:30.630 [debug] <0.319.0>@basho_bench_keygen:sequential_int_generator:160 sequential_int_gen: <0.121.0>: 45000 (45%)
2013-03-26 22:42:31.018 [debug] <0.320.0>@basho_bench_keygen:sequential_int_generator:160 sequential_int_gen: <0.97.0>: 45000 (45%)
2013-03-26 22:42:31.072 [debug] <0.321.0>@basho_bench_keygen:sequential_int_generator:160 sequential_int_gen: <0.91.0>: 45000 (45%)
2013-03-26 22:42:31.317 [debug] <0.322.0>@basho_bench_keygen:sequential_int_generator:160 sequential_int_gen: <0.115.0>: 45000 (45%)
2013-03-26 22:42:31.374 [debug] <0.323.0>@basho_bench_keygen:sequential_int_generator:160 sequential_int_gen: <0.133.0>: 45000 (45%)
2013-03-26 22:42:31.593 [debug] <0.324.0>@basho_bench_keygen:sequential_int_generator:160 sequential_int_gen: <0.136.0>: 45000 (45%)
2013-03-26 22:42:31.611 [debug] <0.325.0>@basho_bench_keygen:sequential_int_generator:160 sequential_int_gen: <0.112.0>: 45000 (45%)
2013-03-26 22:42:31.636 [debug] <0.326.0>@basho_bench_keygen:sequential_int_generator:160 sequential_int_gen: <0.109.0>: 45000 (45%)
2013-03-26 22:42:31.787 [debug] <0.327.0>@basho_bench_keygen:sequential_int_generator:160 sequential_int_gen: <0.118.0>: 45000 (45%)
2013-03-26 22:42:31.863 [debug] <0.328.0>@basho_bench_keygen:sequential_int_generator:160 sequential_int_gen: <0.94.0>: 45000 (45%)
2013-03-26 22:42:31.878 [debug] <0.329.0>@basho_bench_keygen:sequential_int_generator:160 sequential_int_gen: <0.85.0>: 45000 (45%)
2013-03-26 22:42:31.884 [debug] <0.330.0>@basho_bench_keygen:sequential_int_generator:160 sequential_int_gen: <0.106.0>: 45000 (45%)
2013-03-26 22:42:31.926 [debug] <0.331.0>@basho_bench_keygen:sequential_int_generator:160 sequential_int_gen: <0.88.0>: 45000 (45%)
2013-03-26 22:42:31.956 [debug] <0.332.0>@basho_bench_keygen:sequential_int_generator:160 sequential_int_gen: <0.130.0>: 45000 (45%)
2013-03-26 22:42:32.412 [debug] <0.333.0>@basho_bench_keygen:sequential_int_generator:160 sequential_int_gen: <0.82.0>: 45000 (45%)
2013-03-26 22:42:40.287 [debug] <0.334.0>@basho_bench_keygen:sequential_int_generator:160 sequential_int_gen: <0.103.0>: 45000 (45%)
2013-03-26 22:42:43.443 [debug] <0.335.0>@basho_bench_keygen:sequential_int_generator:160 sequential_int_gen: <0.100.0>: 45000 (45%)
2013-03-26 22:42:45.085 [debug] <0.336.0>@basho_bench_keygen:sequential_int_generator:160 sequential_int_gen: <0.127.0>: 45000 (45%)
2013-03-26 22:42:47.949 [debug] <0.337.0>@basho_bench_keygen:sequential_int_generator:160 sequential_int_gen: <0.79.0>: 45000 (45%)
2013-03-26 22:42:48.268 [debug] <0.338.0>@basho_bench_keygen:sequential_int_generator:160 sequential_int_gen: <0.124.0>: 45000 (45%)
2013-03-26 22:43:28.984 [debug] <0.339.0>@basho_bench_keygen:sequential_int_generator:160 sequential_int_gen: <0.91.0>: 50000 (50%)
2013-03-26 22:43:29.039 [debug] <0.340.0>@basho_bench_keygen:sequential_int_generator:160 sequential_int_gen: <0.115.0>: 50000 (50%)
2013-03-26 22:43:30.531 [debug] <0.341.0>@basho_bench_keygen:sequential_int_generator:160 sequential_int_gen: <0.97.0>: 50000 (50%)
2013-03-26 22:43:31.272 [debug] <0.342.0>@basho_bench_keygen:sequential_int_generator:160 sequential_int_gen: <0.121.0>: 50000 (50%)
2013-03-26 22:43:32.133 [debug] <0.343.0>@basho_bench_keygen:sequential_int_generator:160 sequential_int_gen: <0.133.0>: 50000 (50%)
2013-03-26 22:43:32.288 [debug] <0.344.0>@basho_bench_keygen:sequential_int_generator:160 sequential_int_gen: <0.85.0>: 50000 (50%)
2013-03-26 22:43:32.382 [debug] <0.345.0>@basho_bench_keygen:sequential_int_generator:160 sequential_int_gen: <0.109.0>: 50000 (50%)
2013-03-26 22:43:32.534 [debug] <0.346.0>@basho_bench_keygen:sequential_int_generator:160 sequential_int_gen: <0.112.0>: 50000 (50%)
2013-03-26 22:43:32.569 [debug] <0.347.0>@basho_bench_keygen:sequential_int_generator:160 sequential_int_gen: <0.136.0>: 50000 (50%)
2013-03-26 22:43:32.577 [debug] <0.348.0>@basho_bench_keygen:sequential_int_generator:160 sequential_int_gen: <0.106.0>: 50000 (50%)
2013-03-26 22:43:32.582 [debug] <0.349.0>@basho_bench_keygen:sequential_int_generator:160 sequential_int_gen: <0.88.0>: 50000 (50%)
2013-03-26 22:43:32.824 [debug] <0.350.0>@basho_bench_keygen:sequential_int_generator:160 sequential_int_gen: <0.94.0>: 50000 (50%)
2013-03-26 22:43:32.978 [debug] <0.351.0>@basho_bench_keygen:sequential_int_generator:160 sequential_int_gen: <0.118.0>: 50000 (50%)
2013-03-26 22:43:33.039 [debug] <0.352.0>@basho_bench_keygen:sequential_int_generator:160 sequential_int_gen: <0.82.0>: 50000 (50%)
2013-03-26 22:43:33.427 [debug] <0.353.0>@basho_bench_keygen:sequential_int_generator:160 sequential_int_gen: <0.130.0>: 50000 (50%)
2013-03-26 22:43:41.573 [debug] <0.354.0>@basho_bench_keygen:sequential_int_generator:160 sequential_int_gen: <0.100.0>: 50000 (50%)
2013-03-26 22:43:41.712 [debug] <0.355.0>@basho_bench_keygen:sequential_int_generator:160 sequential_int_gen: <0.103.0>: 50000 (50%)
2013-03-26 22:43:46.598 [debug] <0.356.0>@basho_bench_keygen:sequential_int_generator:160 sequential_int_gen: <0.127.0>: 50000 (50%)
2013-03-26 22:43:46.719 [debug] <0.357.0>@basho_bench_keygen:sequential_int_generator:160 sequential_int_gen: <0.124.0>: 50000 (50%)
2013-03-26 22:43:50.081 [debug] <0.358.0>@basho_bench_keygen:sequential_int_generator:160 sequential_int_gen: <0.79.0>: 50000 (50%)
2013-03-26 22:44:29.109 [debug] <0.359.0>@basho_bench_keygen:sequential_int_generator:160 sequential_int_gen: <0.97.0>: 55000 (55%)
2013-03-26 22:44:29.157 [debug] <0.360.0>@basho_bench_keygen:sequential_int_generator:160 sequential_int_gen: <0.121.0>: 55000 (55%)
2013-03-26 22:44:30.208 [debug] <0.361.0>@basho_bench_keygen:sequential_int_generator:160 sequential_int_gen: <0.91.0>: 55000 (55%)
2013-03-26 22:44:30.432 [debug] <0.362.0>@basho_bench_keygen:sequential_int_generator:160 sequential_int_gen: <0.115.0>: 55000 (55%)
2013-03-26 22:44:31.217 [debug] <0.363.0>@basho_bench_keygen:sequential_int_generator:160 sequential_int_gen: <0.133.0>: 55000 (55%)
2013-03-26 22:44:31.454 [debug] <0.364.0>@basho_bench_keygen:sequential_int_generator:160 sequential_int_gen: <0.112.0>: 55000 (55%)
2013-03-26 22:44:31.459 [debug] <0.365.0>@basho_bench_keygen:sequential_int_generator:160 sequential_int_gen: <0.88.0>: 55000 (55%)
2013-03-26 22:44:31.500 [debug] <0.366.0>@basho_bench_keygen:sequential_int_generator:160 sequential_int_gen: <0.85.0>: 55000 (55%)
2013-03-26 22:44:31.640 [debug] <0.367.0>@basho_bench_keygen:sequential_int_generator:160 sequential_int_gen: <0.94.0>: 55000 (55%)
2013-03-26 22:44:31.717 [debug] <0.368.0>@basho_bench_keygen:sequential_int_generator:160 sequential_int_gen: <0.109.0>: 55000 (55%)
2013-03-26 22:44:31.805 [debug] <0.369.0>@basho_bench_keygen:sequential_int_generator:160 sequential_int_gen: <0.136.0>: 55000 (55%)
2013-03-26 22:44:31.909 [debug] <0.370.0>@basho_bench_keygen:sequential_int_generator:160 sequential_int_gen: <0.118.0>: 55000 (55%)
2013-03-26 22:44:32.138 [debug] <0.371.0>@basho_bench_keygen:sequential_int_generator:160 sequential_int_gen: <0.130.0>: 55000 (55%)
2013-03-26 22:44:32.248 [debug] <0.372.0>@basho_bench_keygen:sequential_int_generator:160 sequential_int_gen: <0.106.0>: 55000 (55%)
2013-03-26 22:44:32.555 [debug] <0.373.0>@basho_bench_keygen:sequential_int_generator:160 sequential_int_gen: <0.82.0>: 55000 (55%)
2013-03-26 22:44:39.407 [debug] <0.374.0>@basho_bench_keygen:sequential_int_generator:160 sequential_int_gen: <0.100.0>: 55000 (55%)
2013-03-26 22:44:41.357 [debug] <0.375.0>@basho_bench_keygen:sequential_int_generator:160 sequential_int_gen: <0.103.0>: 55000 (55%)
2013-03-26 22:44:44.980 [debug] <0.376.0>@basho_bench_keygen:sequential_int_generator:160 sequential_int_gen: <0.124.0>: 55000 (55%)
2013-03-26 22:44:46.872 [debug] <0.377.0>@basho_bench_keygen:sequential_int_generator:160 sequential_int_gen: <0.127.0>: 55000 (55%)
2013-03-26 22:44:50.505 [debug] <0.378.0>@basho_bench_keygen:sequential_int_generator:160 sequential_int_gen: <0.79.0>: 55000 (55%)
2013-03-26 22:45:29.148 [debug] <0.379.0>@basho_bench_keygen:sequential_int_generator:160 sequential_int_gen: <0.121.0>: 60000 (60%)
2013-03-26 22:45:29.190 [debug] <0.380.0>@basho_bench_keygen:sequential_int_generator:160 sequential_int_gen: <0.97.0>: 60000 (60%)
2013-03-26 22:45:30.524 [debug] <0.381.0>@basho_bench_keygen:sequential_int_generator:160 sequential_int_gen: <0.91.0>: 60000 (60%)
2013-03-26 22:45:30.752 [debug] <0.382.0>@basho_bench_keygen:sequential_int_generator:160 sequential_int_gen: <0.115.0>: 60000 (60%)
2013-03-26 22:45:30.756 [debug] <0.383.0>@basho_bench_keygen:sequential_int_generator:160 sequential_int_gen: <0.136.0>: 60000 (60%)
2013-03-26 22:45:30.799 [debug] <0.384.0>@basho_bench_keygen:sequential_int_generator:160 sequential_int_gen: <0.85.0>: 60000 (60%)
2013-03-26 22:45:30.803 [debug] <0.385.0>@basho_bench_keygen:sequential_int_generator:160 sequential_int_gen: <0.109.0>: 60000 (60%)
2013-03-26 22:45:30.896 [debug] <0.386.0>@basho_bench_keygen:sequential_int_generator:160 sequential_int_gen: <0.133.0>: 60000 (60%)
2013-03-26 22:45:30.910 [debug] <0.387.0>@basho_bench_keygen:sequential_int_generator:160 sequential_int_gen: <0.112.0>: 60000 (60%)
2013-03-26 22:45:30.965 [debug] <0.388.0>@basho_bench_keygen:sequential_int_generator:160 sequential_int_gen: <0.130.0>: 60000 (60%)
2013-03-26 22:45:30.979 [debug] <0.389.0>@basho_bench_keygen:sequential_int_generator:160 sequential_int_gen: <0.106.0>: 60000 (60%)
2013-03-26 22:45:31.141 [debug] <0.390.0>@basho_bench_keygen:sequential_int_generator:160 sequential_int_gen: <0.88.0>: 60000 (60%)
2013-03-26 22:45:31.514 [debug] <0.391.0>@basho_bench_keygen:sequential_int_generator:160 sequential_int_gen: <0.82.0>: 60000 (60%)
2013-03-26 22:45:33.259 [debug] <0.392.0>@basho_bench_keygen:sequential_int_generator:160 sequential_int_gen: <0.94.0>: 60000 (60%)
2013-03-26 22:45:33.287 [debug] <0.393.0>@basho_bench_keygen:sequential_int_generator:160 sequential_int_gen: <0.118.0>: 60000 (60%)
2013-03-26 22:45:39.812 [debug] <0.394.0>@basho_bench_keygen:sequential_int_generator:160 sequential_int_gen: <0.100.0>: 60000 (60%)
2013-03-26 22:45:39.954 [debug] <0.395.0>@basho_bench_keygen:sequential_int_generator:160 sequential_int_gen: <0.103.0>: 60000 (60%)
2013-03-26 22:45:45.655 [debug] <0.396.0>@basho_bench_keygen:sequential_int_generator:160 sequential_int_gen: <0.124.0>: 60000 (60%)
2013-03-26 22:45:46.312 [debug] <0.397.0>@basho_bench_keygen:sequential_int_generator:160 sequential_int_gen: <0.127.0>: 60000 (60%)
2013-03-26 22:45:50.279 [debug] <0.398.0>@basho_bench_keygen:sequential_int_generator:160 sequential_int_gen: <0.79.0>: 60000 (60%)
2013-03-26 22:46:29.311 [debug] <0.399.0>@basho_bench_keygen:sequential_int_generator:160 sequential_int_gen: <0.91.0>: 65000 (65%)
2013-03-26 22:46:29.314 [debug] <0.400.0>@basho_bench_keygen:sequential_int_generator:160 sequential_int_gen: <0.133.0>: 65000 (65%)
2013-03-26 22:46:29.334 [debug] <0.401.0>@basho_bench_keygen:sequential_int_generator:160 sequential_int_gen: <0.115.0>: 65000 (65%)
2013-03-26 22:46:29.372 [debug] <0.402.0>@basho_bench_keygen:sequential_int_generator:160 sequential_int_gen: <0.109.0>: 65000 (65%)
2013-03-26 22:46:29.675 [debug] <0.403.0>@basho_bench_keygen:sequential_int_generator:160 sequential_int_gen: <0.85.0>: 65000 (65%)
2013-03-26 22:46:29.686 [debug] <0.404.0>@basho_bench_keygen:sequential_int_generator:160 sequential_int_gen: <0.121.0>: 65000 (65%)
2013-03-26 22:46:29.733 [debug] <0.405.0>@basho_bench_keygen:sequential_int_generator:160 sequential_int_gen: <0.97.0>: 65000 (65%)
2013-03-26 22:46:30.592 [debug] <0.406.0>@basho_bench_keygen:sequential_int_generator:160 sequential_int_gen: <0.130.0>: 65000 (65%)
2013-03-26 22:46:30.743 [debug] <0.407.0>@basho_bench_keygen:sequential_int_generator:160 sequential_int_gen: <0.106.0>: 65000 (65%)
2013-03-26 22:46:30.941 [debug] <0.408.0>@basho_bench_keygen:sequential_int_generator:160 sequential_int_gen: <0.82.0>: 65000 (65%)
2013-03-26 22:46:32.072 [debug] <0.409.0>@basho_bench_keygen:sequential_int_generator:160 sequential_int_gen: <0.88.0>: 65000 (65%)
2013-03-26 22:46:32.125 [debug] <0.410.0>@basho_bench_keygen:sequential_int_generator:160 sequential_int_gen: <0.136.0>: 65000 (65%)
2013-03-26 22:46:32.186 [debug] <0.411.0>@basho_bench_keygen:sequential_int_generator:160 sequential_int_gen: <0.112.0>: 65000 (65%)
2013-03-26 22:46:35.456 [debug] <0.412.0>@basho_bench_keygen:sequential_int_generator:160 sequential_int_gen: <0.94.0>: 65000 (65%)
2013-03-26 22:46:35.515 [debug] <0.413.0>@basho_bench_keygen:sequential_int_generator:160 sequential_int_gen: <0.118.0>: 65000 (65%)
2013-03-26 22:46:39.267 [debug] <0.414.0>@basho_bench_keygen:sequential_int_generator:160 sequential_int_gen: <0.103.0>: 65000 (65%)
2013-03-26 22:46:40.045 [debug] <0.415.0>@basho_bench_keygen:sequential_int_generator:160 sequential_int_gen: <0.100.0>: 65000 (65%)
2013-03-26 22:46:46.120 [debug] <0.416.0>@basho_bench_keygen:sequential_int_generator:160 sequential_int_gen: <0.127.0>: 65000 (65%)
2013-03-26 22:46:47.274 [debug] <0.417.0>@basho_bench_keygen:sequential_int_generator:160 sequential_int_gen: <0.124.0>: 65000 (65%)
2013-03-26 22:46:50.235 [debug] <0.418.0>@basho_bench_keygen:sequential_int_generator:160 sequential_int_gen: <0.79.0>: 65000 (65%)
2013-03-26 22:47:29.579 [debug] <0.419.0>@basho_bench_keygen:sequential_int_generator:160 sequential_int_gen: <0.133.0>: 70000 (70%)
2013-03-26 22:47:29.583 [debug] <0.420.0>@basho_bench_keygen:sequential_int_generator:160 sequential_int_gen: <0.115.0>: 70000 (70%)
2013-03-26 22:47:29.642 [debug] <0.421.0>@basho_bench_keygen:sequential_int_generator:160 sequential_int_gen: <0.91.0>: 70000 (70%)
2013-03-26 22:47:29.674 [debug] <0.422.0>@basho_bench_keygen:sequential_int_generator:160 sequential_int_gen: <0.109.0>: 70000 (70%)
2013-03-26 22:47:29.694 [debug] <0.423.0>@basho_bench_keygen:sequential_int_generator:160 sequential_int_gen: <0.85.0>: 70000 (70%)
2013-03-26 22:47:29.709 [debug] <0.424.0>@basho_bench_keygen:sequential_int_generator:160 sequential_int_gen: <0.121.0>: 70000 (70%)
2013-03-26 22:47:29.786 [debug] <0.425.0>@basho_bench_keygen:sequential_int_generator:160 sequential_int_gen: <0.97.0>: 70000 (70%)
2013-03-26 22:47:30.493 [debug] <0.426.0>@basho_bench_keygen:sequential_int_generator:160 sequential_int_gen: <0.130.0>: 70000 (70%)
2013-03-26 22:47:30.499 [debug] <0.427.0>@basho_bench_keygen:sequential_int_generator:160 sequential_int_gen: <0.112.0>: 70000 (70%)
2013-03-26 22:47:30.500 [debug] <0.428.0>@basho_bench_keygen:sequential_int_generator:160 sequential_int_gen: <0.136.0>: 70000 (70%)
2013-03-26 22:47:30.623 [debug] <0.429.0>@basho_bench_keygen:sequential_int_generator:160 sequential_int_gen: <0.88.0>: 70000 (70%)
2013-03-26 22:47:30.647 [debug] <0.430.0>@basho_bench_keygen:sequential_int_generator:160 sequential_int_gen: <0.82.0>: 70000 (70%)
2013-03-26 22:47:30.676 [debug] <0.431.0>@basho_bench_keygen:sequential_int_generator:160 sequential_int_gen: <0.106.0>: 70000 (70%)
2013-03-26 22:47:37.493 [debug] <0.432.0>@basho_bench_keygen:sequential_int_generator:160 sequential_int_gen: <0.118.0>: 70000 (70%)
2013-03-26 22:47:37.711 [debug] <0.433.0>@basho_bench_keygen:sequential_int_generator:160 sequential_int_gen: <0.94.0>: 70000 (70%)
2013-03-26 22:47:39.136 [debug] <0.434.0>@basho_bench_keygen:sequential_int_generator:160 sequential_int_gen: <0.103.0>: 70000 (70%)
2013-03-26 22:47:41.241 [debug] <0.435.0>@basho_bench_keygen:sequential_int_generator:160 sequential_int_gen: <0.100.0>: 70000 (70%)
2013-03-26 22:47:46.017 [debug] <0.436.0>@basho_bench_keygen:sequential_int_generator:160 sequential_int_gen: <0.127.0>: 70000 (70%)
2013-03-26 22:47:49.090 [debug] <0.437.0>@basho_bench_keygen:sequential_int_generator:160 sequential_int_gen: <0.124.0>: 70000 (70%)
2013-03-26 22:47:49.917 [debug] <0.438.0>@basho_bench_keygen:sequential_int_generator:160 sequential_int_gen: <0.79.0>: 70000 (70%)
2013-03-26 22:48:29.579 [debug] <0.439.0>@basho_bench_keygen:sequential_int_generator:160 sequential_int_gen: <0.133.0>: 75000 (75%)
2013-03-26 22:48:29.634 [debug] <0.440.0>@basho_bench_keygen:sequential_int_generator:160 sequential_int_gen: <0.109.0>: 75000 (75%)
2013-03-26 22:48:29.711 [debug] <0.441.0>@basho_bench_keygen:sequential_int_generator:160 sequential_int_gen: <0.91.0>: 75000 (75%)
2013-03-26 22:48:29.726 [debug] <0.442.0>@basho_bench_keygen:sequential_int_generator:160 sequential_int_gen: <0.130.0>: 75000 (75%)
2013-03-26 22:48:29.745 [debug] <0.443.0>@basho_bench_keygen:sequential_int_generator:160 sequential_int_gen: <0.85.0>: 75000 (75%)
2013-03-26 22:48:29.866 [debug] <0.444.0>@basho_bench_keygen:sequential_int_generator:160 sequential_int_gen: <0.121.0>: 75000 (75%)
2013-03-26 22:48:29.880 [debug] <0.445.0>@basho_bench_keygen:sequential_int_generator:160 sequential_int_gen: <0.97.0>: 75000 (75%)
2013-03-26 22:48:29.903 [debug] <0.446.0>@basho_bench_keygen:sequential_int_generator:160 sequential_int_gen: <0.82.0>: 75000 (75%)
2013-03-26 22:48:29.940 [debug] <0.447.0>@basho_bench_keygen:sequential_int_generator:160 sequential_int_gen: <0.115.0>: 75000 (75%)
2013-03-26 22:48:30.018 [debug] <0.448.0>@basho_bench_keygen:sequential_int_generator:160 sequential_int_gen: <0.106.0>: 75000 (75%)
2013-03-26 22:48:30.261 [debug] <0.449.0>@basho_bench_keygen:sequential_int_generator:160 sequential_int_gen: <0.88.0>: 75000 (75%)
2013-03-26 22:48:30.791 [debug] <0.450.0>@basho_bench_keygen:sequential_int_generator:160 sequential_int_gen: <0.136.0>: 75000 (75%)
2013-03-26 22:48:31.048 [debug] <0.451.0>@basho_bench_keygen:sequential_int_generator:160 sequential_int_gen: <0.112.0>: 75000 (75%)
2013-03-26 22:48:38.852 [debug] <0.452.0>@basho_bench_keygen:sequential_int_generator:160 sequential_int_gen: <0.103.0>: 75000 (75%)
2013-03-26 22:48:40.438 [debug] <0.453.0>@basho_bench_keygen:sequential_int_generator:160 sequential_int_gen: <0.118.0>: 75000 (75%)
2013-03-26 22:48:40.834 [debug] <0.454.0>@basho_bench_keygen:sequential_int_generator:160 sequential_int_gen: <0.94.0>: 75000 (75%)
2013-03-26 22:48:43.684 [debug] <0.455.0>@basho_bench_keygen:sequential_int_generator:160 sequential_int_gen: <0.100.0>: 75000 (75%)
2013-03-26 22:48:44.563 [debug] <0.456.0>@basho_bench_keygen:sequential_int_generator:160 sequential_int_gen: <0.127.0>: 75000 (75%)
2013-03-26 22:48:48.761 [debug] <0.457.0>@basho_bench_keygen:sequential_int_generator:160 sequential_int_gen: <0.79.0>: 75000 (75%)
2013-03-26 22:48:50.373 [debug] <0.458.0>@basho_bench_keygen:sequential_int_generator:160 sequential_int_gen: <0.124.0>: 75000 (75%)
2013-03-26 22:49:29.911 [debug] <0.459.0>@basho_bench_keygen:sequential_int_generator:160 sequential_int_gen: <0.97.0>: 80000 (80%)
2013-03-26 22:49:30.050 [debug] <0.460.0>@basho_bench_keygen:sequential_int_generator:160 sequential_int_gen: <0.91.0>: 80000 (80%)
2013-03-26 22:49:30.061 [debug] <0.461.0>@basho_bench_keygen:sequential_int_generator:160 sequential_int_gen: <0.109.0>: 80000 (80%)
2013-03-26 22:49:30.068 [debug] <0.462.0>@basho_bench_keygen:sequential_int_generator:160 sequential_int_gen: <0.133.0>: 80000 (80%)
2013-03-26 22:49:30.096 [debug] <0.463.0>@basho_bench_keygen:sequential_int_generator:160 sequential_int_gen: <0.85.0>: 80000 (80%)
2013-03-26 22:49:30.102 [debug] <0.464.0>@basho_bench_keygen:sequential_int_generator:160 sequential_int_gen: <0.115.0>: 80000 (80%)
2013-03-26 22:49:30.102 [debug] <0.465.0>@basho_bench_keygen:sequential_int_generator:160 sequential_int_gen: <0.121.0>: 80000 (80%)
2013-03-26 22:49:30.148 [debug] <0.466.0>@basho_bench_keygen:sequential_int_generator:160 sequential_int_gen: <0.136.0>: 80000 (80%)
2013-03-26 22:49:30.267 [debug] <0.467.0>@basho_bench_keygen:sequential_int_generator:160 sequential_int_gen: <0.88.0>: 80000 (80%)
2013-03-26 22:49:30.301 [debug] <0.468.0>@basho_bench_keygen:sequential_int_generator:160 sequential_int_gen: <0.130.0>: 80000 (80%)
2013-03-26 22:49:30.339 [debug] <0.469.0>@basho_bench_keygen:sequential_int_generator:160 sequential_int_gen: <0.106.0>: 80000 (80%)
2013-03-26 22:49:30.344 [debug] <0.470.0>@basho_bench_keygen:sequential_int_generator:160 sequential_int_gen: <0.82.0>: 80000 (80%)
2013-03-26 22:49:30.369 [debug] <0.471.0>@basho_bench_keygen:sequential_int_generator:160 sequential_int_gen: <0.112.0>: 80000 (80%)
2013-03-26 22:49:37.453 [debug] <0.472.0>@basho_bench_keygen:sequential_int_generator:160 sequential_int_gen: <0.103.0>: 80000 (80%)
2013-03-26 22:49:42.113 [debug] <0.473.0>@basho_bench_keygen:sequential_int_generator:160 sequential_int_gen: <0.118.0>: 80000 (80%)
2013-03-26 22:49:42.237 [debug] <0.474.0>@basho_bench_keygen:sequential_int_generator:160 sequential_int_gen: <0.94.0>: 80000 (80%)
2013-03-26 22:49:43.648 [debug] <0.475.0>@basho_bench_keygen:sequential_int_generator:160 sequential_int_gen: <0.127.0>: 80000 (80%)
2013-03-26 22:49:45.892 [debug] <0.476.0>@basho_bench_keygen:sequential_int_generator:160 sequential_int_gen: <0.100.0>: 80000 (80%)
2013-03-26 22:49:48.486 [debug] <0.477.0>@basho_bench_keygen:sequential_int_generator:160 sequential_int_gen: <0.79.0>: 80000 (80%)
2013-03-26 22:49:52.184 [debug] <0.478.0>@basho_bench_keygen:sequential_int_generator:160 sequential_int_gen: <0.124.0>: 80000 (80%)
2013-03-26 22:50:30.045 [debug] <0.479.0>@basho_bench_keygen:sequential_int_generator:160 sequential_int_gen: <0.121.0>: 85000 (85%)
2013-03-26 22:50:30.093 [debug] <0.480.0>@basho_bench_keygen:sequential_int_generator:160 sequential_int_gen: <0.97.0>: 85000 (85%)
2013-03-26 22:50:30.149 [debug] <0.481.0>@basho_bench_keygen:sequential_int_generator:160 sequential_int_gen: <0.115.0>: 85000 (85%)
2013-03-26 22:50:30.178 [debug] <0.482.0>@basho_bench_keygen:sequential_int_generator:160 sequential_int_gen: <0.91.0>: 85000 (85%)
2013-03-26 22:50:30.198 [debug] <0.483.0>@basho_bench_keygen:sequential_int_generator:160 sequential_int_gen: <0.133.0>: 85000 (85%)
2013-03-26 22:50:30.208 [debug] <0.484.0>@basho_bench_keygen:sequential_int_generator:160 sequential_int_gen: <0.85.0>: 85000 (85%)
2013-03-26 22:50:30.225 [debug] <0.485.0>@basho_bench_keygen:sequential_int_generator:160 sequential_int_gen: <0.109.0>: 85000 (85%)
2013-03-26 22:50:30.269 [debug] <0.486.0>@basho_bench_keygen:sequential_int_generator:160 sequential_int_gen: <0.130.0>: 85000 (85%)
2013-03-26 22:50:30.545 [debug] <0.487.0>@basho_bench_keygen:sequential_int_generator:160 sequential_int_gen: <0.112.0>: 85000 (85%)
2013-03-26 22:50:30.721 [debug] <0.488.0>@basho_bench_keygen:sequential_int_generator:160 sequential_int_gen: <0.82.0>: 85000 (85%)
2013-03-26 22:50:31.222 [debug] <0.489.0>@basho_bench_keygen:sequential_int_generator:160 sequential_int_gen: <0.106.0>: 85000 (85%)
2013-03-26 22:50:31.703 [debug] <0.490.0>@basho_bench_keygen:sequential_int_generator:160 sequential_int_gen: <0.88.0>: 85000 (85%)
2013-03-26 22:50:32.375 [debug] <0.491.0>@basho_bench_keygen:sequential_int_generator:160 sequential_int_gen: <0.136.0>: 85000 (85%)
2013-03-26 22:50:37.915 [debug] <0.492.0>@basho_bench_keygen:sequential_int_generator:160 sequential_int_gen: <0.103.0>: 85000 (85%)
2013-03-26 22:50:41.702 [debug] <0.493.0>@basho_bench_keygen:sequential_int_generator:160 sequential_int_gen: <0.94.0>: 85000 (85%)
2013-03-26 22:50:41.782 [debug] <0.494.0>@basho_bench_keygen:sequential_int_generator:160 sequential_int_gen: <0.118.0>: 85000 (85%)
2013-03-26 22:50:42.789 [debug] <0.495.0>@basho_bench_keygen:sequential_int_generator:160 sequential_int_gen: <0.100.0>: 85000 (85%)
2013-03-26 22:50:43.312 [debug] <0.496.0>@basho_bench_keygen:sequential_int_generator:160 sequential_int_gen: <0.127.0>: 85000 (85%)
2013-03-26 22:50:48.023 [debug] <0.497.0>@basho_bench_keygen:sequential_int_generator:160 sequential_int_gen: <0.79.0>: 85000 (85%)
2013-03-26 22:50:50.044 [debug] <0.498.0>@basho_bench_keygen:sequential_int_generator:160 sequential_int_gen: <0.124.0>: 85000 (85%)
2013-03-26 22:51:29.764 [debug] <0.499.0>@basho_bench_keygen:sequential_int_generator:160 sequential_int_gen: <0.97.0>: 90000 (90%)
2013-03-26 22:51:29.796 [debug] <0.500.0>@basho_bench_keygen:sequential_int_generator:160 sequential_int_gen: <0.115.0>: 90000 (90%)
2013-03-26 22:51:30.103 [debug] <0.501.0>@basho_bench_keygen:sequential_int_generator:160 sequential_int_gen: <0.121.0>: 90000 (90%)
2013-03-26 22:51:30.350 [debug] <0.502.0>@basho_bench_keygen:sequential_int_generator:160 sequential_int_gen: <0.91.0>: 90000 (90%)
2013-03-26 22:51:30.924 [debug] <0.503.0>@basho_bench_keygen:sequential_int_generator:160 sequential_int_gen: <0.85.0>: 90000 (90%)
2013-03-26 22:51:30.957 [debug] <0.504.0>@basho_bench_keygen:sequential_int_generator:160 sequential_int_gen: <0.106.0>: 90000 (90%)
2013-03-26 22:51:31.068 [debug] <0.505.0>@basho_bench_keygen:sequential_int_generator:160 sequential_int_gen: <0.109.0>: 90000 (90%)
2013-03-26 22:51:31.318 [debug] <0.506.0>@basho_bench_keygen:sequential_int_generator:160 sequential_int_gen: <0.133.0>: 90000 (90%)
2013-03-26 22:51:31.441 [debug] <0.507.0>@basho_bench_keygen:sequential_int_generator:160 sequential_int_gen: <0.88.0>: 90000 (90%)
2013-03-26 22:51:31.729 [debug] <0.508.0>@basho_bench_keygen:sequential_int_generator:160 sequential_int_gen: <0.130.0>: 90000 (90%)
2013-03-26 22:51:31.892 [debug] <0.509.0>@basho_bench_keygen:sequential_int_generator:160 sequential_int_gen: <0.112.0>: 90000 (90%)
2013-03-26 22:51:32.028 [debug] <0.510.0>@basho_bench_keygen:sequential_int_generator:160 sequential_int_gen: <0.136.0>: 90000 (90%)
2013-03-26 22:51:32.123 [debug] <0.511.0>@basho_bench_keygen:sequential_int_generator:160 sequential_int_gen: <0.82.0>: 90000 (90%)
2013-03-26 22:51:37.399 [debug] <0.512.0>@basho_bench_keygen:sequential_int_generator:160 sequential_int_gen: <0.103.0>: 90000 (90%)
2013-03-26 22:51:40.648 [debug] <0.513.0>@basho_bench_keygen:sequential_int_generator:160 sequential_int_gen: <0.127.0>: 90000 (90%)
2013-03-26 22:51:42.413 [debug] <0.514.0>@basho_bench_keygen:sequential_int_generator:160 sequential_int_gen: <0.118.0>: 90000 (90%)
2013-03-26 22:51:42.736 [debug] <0.515.0>@basho_bench_keygen:sequential_int_generator:160 sequential_int_gen: <0.100.0>: 90000 (90%)
2013-03-26 22:51:43.101 [debug] <0.516.0>@basho_bench_keygen:sequential_int_generator:160 sequential_int_gen: <0.94.0>: 90000 (90%)
2013-03-26 22:51:46.893 [debug] <0.517.0>@basho_bench_keygen:sequential_int_generator:160 sequential_int_gen: <0.79.0>: 90000 (90%)
2013-03-26 22:51:47.449 [debug] <0.518.0>@basho_bench_keygen:sequential_int_generator:160 sequential_int_gen: <0.124.0>: 90000 (90%)
2013-03-26 22:52:28.997 [debug] <0.519.0>@basho_bench_keygen:sequential_int_generator:160 sequential_int_gen: <0.97.0>: 95000 (95%)
2013-03-26 22:52:29.022 [debug] <0.520.0>@basho_bench_keygen:sequential_int_generator:160 sequential_int_gen: <0.121.0>: 95000 (95%)
2013-03-26 22:52:30.432 [debug] <0.521.0>@basho_bench_keygen:sequential_int_generator:160 sequential_int_gen: <0.109.0>: 95000 (95%)
2013-03-26 22:52:30.440 [debug] <0.522.0>@basho_bench_keygen:sequential_int_generator:160 sequential_int_gen: <0.85.0>: 95000 (95%)
2013-03-26 22:52:30.549 [debug] <0.523.0>@basho_bench_keygen:sequential_int_generator:160 sequential_int_gen: <0.91.0>: 95000 (95%)
2013-03-26 22:52:30.627 [debug] <0.524.0>@basho_bench_keygen:sequential_int_generator:160 sequential_int_gen: <0.115.0>: 95000 (95%)
2013-03-26 22:52:30.677 [debug] <0.525.0>@basho_bench_keygen:sequential_int_generator:160 sequential_int_gen: <0.133.0>: 95000 (95%)
2013-03-26 22:52:32.669 [debug] <0.526.0>@basho_bench_keygen:sequential_int_generator:160 sequential_int_gen: <0.130.0>: 95000 (95%)
2013-03-26 22:52:32.882 [debug] <0.527.0>@basho_bench_keygen:sequential_int_generator:160 sequential_int_gen: <0.106.0>: 95000 (95%)
2013-03-26 22:52:32.927 [debug] <0.528.0>@basho_bench_keygen:sequential_int_generator:160 sequential_int_gen: <0.82.0>: 95000 (95%)
2013-03-26 22:52:34.285 [debug] <0.529.0>@basho_bench_keygen:sequential_int_generator:160 sequential_int_gen: <0.112.0>: 95000 (95%)
2013-03-26 22:52:34.721 [debug] <0.530.0>@basho_bench_keygen:sequential_int_generator:160 sequential_int_gen: <0.88.0>: 95000 (95%)
2013-03-26 22:52:35.024 [debug] <0.531.0>@basho_bench_keygen:sequential_int_generator:160 sequential_int_gen: <0.136.0>: 95000 (95%)
2013-03-26 22:52:35.841 [debug] <0.532.0>@basho_bench_keygen:sequential_int_generator:160 sequential_int_gen: <0.103.0>: 95000 (95%)
2013-03-26 22:52:39.535 [debug] <0.533.0>@basho_bench_keygen:sequential_int_generator:160 sequential_int_gen: <0.127.0>: 95000 (95%)
2013-03-26 22:52:41.213 [debug] <0.534.0>@basho_bench_keygen:sequential_int_generator:160 sequential_int_gen: <0.100.0>: 95000 (95%)
2013-03-26 22:52:42.798 [debug] <0.535.0>@basho_bench_keygen:sequential_int_generator:160 sequential_int_gen: <0.118.0>: 95000 (95%)
2013-03-26 22:52:42.800 [debug] <0.536.0>@basho_bench_keygen:sequential_int_generator:160 sequential_int_gen: <0.94.0>: 95000 (95%)
2013-03-26 22:52:45.502 [debug] <0.537.0>@basho_bench_keygen:sequential_int_generator:160 sequential_int_gen: <0.79.0>: 95000 (95%)
2013-03-26 22:52:46.334 [debug] <0.538.0>@basho_bench_keygen:sequential_int_generator:160 sequential_int_gen: <0.124.0>: 95000 (95%)
2013-03-26 22:53:27.401 [info] <0.97.0>@basho_bench_worker:worker_next_op:271 Driver basho_bench_driver_riakc_pb (<0.97.0>) has requested stop: empty_keygen
2013-03-26 22:53:27.723 [info] <0.121.0>@basho_bench_worker:worker_next_op:271 Driver basho_bench_driver_riakc_pb (<0.121.0>) has requested stop: empty_keygen
2013-03-26 22:53:27.876 [info] <0.109.0>@basho_bench_worker:worker_next_op:271 Driver basho_bench_driver_riakc_pb (<0.109.0>) has requested stop: empty_keygen
2013-03-26 22:53:28.017 [info] <0.133.0>@basho_bench_worker:worker_next_op:271 Driver basho_bench_driver_riakc_pb (<0.133.0>) has requested stop: empty_keygen
2013-03-26 22:53:28.119 [info] <0.85.0>@basho_bench_worker:worker_next_op:271 Driver basho_bench_driver_riakc_pb (<0.85.0>) has requested stop: empty_keygen
2013-03-26 22:53:28.683 [info] <0.91.0>@basho_bench_worker:worker_next_op:271 Driver basho_bench_driver_riakc_pb (<0.91.0>) has requested stop: empty_keygen
2013-03-26 22:53:28.692 [info] <0.115.0>@basho_bench_worker:worker_next_op:271 Driver basho_bench_driver_riakc_pb (<0.115.0>) has requested stop: empty_keygen
2013-03-26 22:53:32.786 [info] <0.130.0>@basho_bench_worker:worker_next_op:271 Driver basho_bench_driver_riakc_pb (<0.130.0>) has requested stop: empty_keygen
2013-03-26 22:53:32.811 [info] <0.82.0>@basho_bench_worker:worker_next_op:271 Driver basho_bench_driver_riakc_pb (<0.82.0>) has requested stop: empty_keygen
2013-03-26 22:53:32.851 [info] <0.106.0>@basho_bench_worker:worker_next_op:271 Driver basho_bench_driver_riakc_pb (<0.106.0>) has requested stop: empty_keygen
2013-03-26 22:53:32.857 [info] <0.103.0>@basho_bench_worker:worker_next_op:271 Driver basho_bench_driver_riakc_pb (<0.103.0>) has requested stop: empty_keygen
2013-03-26 22:53:34.532 [info] <0.136.0>@basho_bench_worker:worker_next_op:271 Driver basho_bench_driver_riakc_pb (<0.136.0>) has requested stop: empty_keygen
2013-03-26 22:53:34.653 [info] <0.112.0>@basho_bench_worker:worker_next_op:271 Driver basho_bench_driver_riakc_pb (<0.112.0>) has requested stop: empty_keygen
2013-03-26 22:53:34.668 [info] <0.88.0>@basho_bench_worker:worker_next_op:271 Driver basho_bench_driver_riakc_pb (<0.88.0>) has requested stop: empty_keygen
2013-03-26 22:53:35.081 [info] <0.127.0>@basho_bench_worker:worker_next_op:271 Driver basho_bench_driver_riakc_pb (<0.127.0>) has requested stop: empty_keygen
2013-03-26 22:53:37.633 [info] <0.100.0>@basho_bench_worker:worker_next_op:271 Driver basho_bench_driver_riakc_pb (<0.100.0>) has requested stop: empty_keygen
2013-03-26 22:53:38.824 [info] <0.118.0>@basho_bench_worker:worker_next_op:271 Driver basho_bench_driver_riakc_pb (<0.118.0>) has requested stop: empty_keygen
2013-03-26 22:53:38.945 [info] <0.79.0>@basho_bench_worker:worker_next_op:271 Driver basho_bench_driver_riakc_pb (<0.79.0>) has requested stop: empty_keygen
2013-03-26 22:53:39.226 [info] <0.94.0>@basho_bench_worker:worker_next_op:271 Driver basho_bench_driver_riakc_pb (<0.94.0>) has requested stop: empty_keygen
2013-03-26 22:53:41.410 [info] <0.124.0>@basho_bench_worker:worker_next_op:271 Driver basho_bench_driver_riakc_pb (<0.124.0>) has requested stop: empty_keygen
2013-03-26 22:53:41.432 [info] <0.67.0>@basho_bench_stats:report_total_errors:318 No Errors.
2013-03-26 22:53:41.433 [info] <0.2.0>@basho_bench:wait_for_stop:181 Test stopped: shutdown
