2013-03-28 22:11:37.247 [debug] <0.44.0> Lager installed handler {lager_file_backend,"/tmp/riak/basho_bench-master/tests/20130328_221137/console.log"} into lager_event
2013-03-28 22:11:37.250 [debug] <0.46.0> Lager installed handler error_logger_lager_h into error_logger
2013-03-28 22:11:37.250 [info] <0.6.0> Application lager started on node nonode@nohost
2013-03-28 22:11:37.253 [info] <0.2.0>@basho_bench:log_dimensions:238 Est. data size: 976.56 MB
2013-03-28 22:11:37.273 [debug] <0.53.0> Supervisor sasl_safe_sup started alarm_handler:start_link() at pid <0.54.0>
2013-03-28 22:11:37.274 [debug] <0.53.0> Supervisor sasl_safe_sup started overload:start_link() at pid <0.55.0>
2013-03-28 22:11:37.274 [debug] <0.52.0> Supervisor sasl_sup started supervisor:start_link({local,sasl_safe_sup}, sasl, safe) at pid <0.53.0>
2013-03-28 22:11:37.274 [debug] <0.52.0> Supervisor sasl_sup started release_handler:start_link() at pid <0.56.0>
2013-03-28 22:11:37.275 [info] <0.6.0> Application sasl started on node nonode@nohost
2013-03-28 22:11:37.287 [debug] <0.61.0> Supervisor crypto_sup started crypto_server:start_link() at pid <0.62.0>
2013-03-28 22:11:37.288 [info] <0.6.0> Application crypto started on node nonode@nohost
2013-03-28 22:11:37.294 [debug] <0.71.0> Supervisor folsom_sup started folsom_sample_slide_sup:start_link() at pid <0.72.0>
2013-03-28 22:11:37.294 [debug] <0.71.0> Supervisor folsom_sup started folsom_meter_timer_server:start_link() at pid <0.73.0>
2013-03-28 22:11:37.295 [debug] <0.71.0> Supervisor folsom_sup started folsom_metrics_histogram_ets:start_link() at pid <0.74.0>
2013-03-28 22:11:37.295 [info] <0.6.0> Application folsom started on node nonode@nohost
2013-03-28 22:11:37.302 [debug] <0.66.0> Supervisor basho_bench_sup started basho_bench_stats:start_link() at pid <0.67.0>
2013-03-28 22:11:37.303 [warning] <0.77.0>@basho_bench_keygen:new:38 The int_to_bin key generator wrapper is deprecated, please use the int_to_bin_bigendian or int_to_bin_littleendian wrapper instead
2013-03-28 22:11:37.303 [debug] <0.77.0>@basho_bench_valgen:init_source:73 random source
2013-03-28 22:11:37.379 [info] <0.79.0>@basho_bench_driver_riakc_pb:new:79 Using target {216,10,199,105}:8087 for worker 1
2013-03-28 22:11:37.385 [warning] <0.81.0>@basho_bench_keygen:new:38 The int_to_bin key generator wrapper is deprecated, please use the int_to_bin_bigendian or int_to_bin_littleendian wrapper instead
2013-03-28 22:11:37.385 [debug] <0.66.0> Supervisor basho_bench_sup started basho_bench_worker:start_link(basho_bench_worker_1, 1) at pid <0.77.0>
2013-03-28 22:11:37.444 [info] <0.82.0>@basho_bench_driver_riakc_pb:new:79 Using target {216,10,198,198}:8087 for worker 2
2013-03-28 22:11:37.445 [warning] <0.84.0>@basho_bench_keygen:new:38 The int_to_bin key generator wrapper is deprecated, please use the int_to_bin_bigendian or int_to_bin_littleendian wrapper instead
2013-03-28 22:11:37.445 [debug] <0.66.0> Supervisor basho_bench_sup started basho_bench_worker:start_link(basho_bench_worker_2, 2) at pid <0.81.0>
2013-03-28 22:11:37.504 [info] <0.85.0>@basho_bench_driver_riakc_pb:new:79 Using target {216,10,198,197}:8087 for worker 3
2013-03-28 22:11:37.505 [warning] <0.87.0>@basho_bench_keygen:new:38 The int_to_bin key generator wrapper is deprecated, please use the int_to_bin_bigendian or int_to_bin_littleendian wrapper instead
2013-03-28 22:11:37.505 [debug] <0.66.0> Supervisor basho_bench_sup started basho_bench_worker:start_link(basho_bench_worker_3, 3) at pid <0.84.0>
2013-03-28 22:11:37.565 [info] <0.88.0>@basho_bench_driver_riakc_pb:new:79 Using target {216,10,199,104}:8087 for worker 4
2013-03-28 22:11:37.565 [warning] <0.90.0>@basho_bench_keygen:new:38 The int_to_bin key generator wrapper is deprecated, please use the int_to_bin_bigendian or int_to_bin_littleendian wrapper instead
2013-03-28 22:11:37.566 [debug] <0.66.0> Supervisor basho_bench_sup started basho_bench_worker:start_link(basho_bench_worker_4, 4) at pid <0.87.0>
2013-03-28 22:11:37.625 [info] <0.91.0>@basho_bench_driver_riakc_pb:new:79 Using target {216,10,199,103}:8087 for worker 5
2013-03-28 22:11:37.626 [warning] <0.93.0>@basho_bench_keygen:new:38 The int_to_bin key generator wrapper is deprecated, please use the int_to_bin_bigendian or int_to_bin_littleendian wrapper instead
2013-03-28 22:11:37.626 [debug] <0.66.0> Supervisor basho_bench_sup started basho_bench_worker:start_link(basho_bench_worker_5, 5) at pid <0.90.0>
2013-03-28 22:11:37.696 [info] <0.94.0>@basho_bench_driver_riakc_pb:new:79 Using target {216,10,199,102}:8087 for worker 6
2013-03-28 22:11:37.697 [warning] <0.96.0>@basho_bench_keygen:new:38 The int_to_bin key generator wrapper is deprecated, please use the int_to_bin_bigendian or int_to_bin_littleendian wrapper instead
2013-03-28 22:11:37.697 [debug] <0.66.0> Supervisor basho_bench_sup started basho_bench_worker:start_link(basho_bench_worker_6, 6) at pid <0.93.0>
2013-03-28 22:11:37.762 [info] <0.97.0>@basho_bench_driver_riakc_pb:new:79 Using target {216,10,199,101}:8087 for worker 7
2013-03-28 22:11:37.763 [warning] <0.99.0>@basho_bench_keygen:new:38 The int_to_bin key generator wrapper is deprecated, please use the int_to_bin_bigendian or int_to_bin_littleendian wrapper instead
2013-03-28 22:11:37.763 [debug] <0.66.0> Supervisor basho_bench_sup started basho_bench_worker:start_link(basho_bench_worker_7, 7) at pid <0.96.0>
2013-03-28 22:11:37.827 [info] <0.100.0>@basho_bench_driver_riakc_pb:new:79 Using target {216,10,199,106}:8087 for worker 8
2013-03-28 22:11:37.828 [warning] <0.102.0>@basho_bench_keygen:new:38 The int_to_bin key generator wrapper is deprecated, please use the int_to_bin_bigendian or int_to_bin_littleendian wrapper instead
2013-03-28 22:11:37.829 [debug] <0.66.0> Supervisor basho_bench_sup started basho_bench_worker:start_link(basho_bench_worker_8, 8) at pid <0.99.0>
2013-03-28 22:11:37.896 [info] <0.103.0>@basho_bench_driver_riakc_pb:new:79 Using target {216,10,199,105}:8087 for worker 9
2013-03-28 22:11:37.896 [warning] <0.105.0>@basho_bench_keygen:new:38 The int_to_bin key generator wrapper is deprecated, please use the int_to_bin_bigendian or int_to_bin_littleendian wrapper instead
2013-03-28 22:11:37.897 [debug] <0.66.0> Supervisor basho_bench_sup started basho_bench_worker:start_link(basho_bench_worker_9, 9) at pid <0.102.0>
2013-03-28 22:11:37.956 [info] <0.106.0>@basho_bench_driver_riakc_pb:new:79 Using target {216,10,198,198}:8087 for worker 10
2013-03-28 22:11:37.957 [debug] <0.66.0> Supervisor basho_bench_sup started basho_bench_worker:start_link(basho_bench_worker_10, 10) at pid <0.105.0>
2013-03-28 22:11:37.957 [debug] <0.25.0> Supervisor kernel_safe_sup started timer:start_link() at pid <0.108.0>
2013-03-28 22:11:37.958 [info] <0.106.0>@basho_bench_worker:worker_idle_loop:221 Starting max worker: <0.106.0>
2013-03-28 22:11:37.958 [info] <0.103.0>@basho_bench_worker:worker_idle_loop:221 Starting max worker: <0.103.0>
2013-03-28 22:11:37.958 [info] <0.100.0>@basho_bench_worker:worker_idle_loop:221 Starting max worker: <0.100.0>
2013-03-28 22:11:37.958 [info] <0.97.0>@basho_bench_worker:worker_idle_loop:221 Starting max worker: <0.97.0>
2013-03-28 22:11:37.958 [debug] <0.109.0>@basho_bench_keygen:sequential_int_generator:160 sequential_int_gen: <0.106.0>: 0 (0%)
2013-03-28 22:11:37.958 [info] <0.94.0>@basho_bench_worker:worker_idle_loop:221 Starting max worker: <0.94.0>
2013-03-28 22:11:37.958 [info] <0.91.0>@basho_bench_worker:worker_idle_loop:221 Starting max worker: <0.91.0>
2013-03-28 22:11:37.958 [debug] <0.110.0>@basho_bench_keygen:sequential_int_generator:160 sequential_int_gen: <0.97.0>: 0 (0%)
2013-03-28 22:11:37.958 [debug] <0.111.0>@basho_bench_keygen:sequential_int_generator:160 sequential_int_gen: <0.103.0>: 0 (0%)
2013-03-28 22:11:37.959 [debug] <0.112.0>@basho_bench_keygen:sequential_int_generator:160 sequential_int_gen: <0.100.0>: 0 (0%)
2013-03-28 22:11:37.959 [info] <0.88.0>@basho_bench_worker:worker_idle_loop:221 Starting max worker: <0.88.0>
2013-03-28 22:11:37.959 [info] <0.85.0>@basho_bench_worker:worker_idle_loop:221 Starting max worker: <0.85.0>
2013-03-28 22:11:37.959 [debug] <0.113.0>@basho_bench_keygen:sequential_int_generator:160 sequential_int_gen: <0.94.0>: 0 (0%)
2013-03-28 22:11:37.959 [info] <0.82.0>@basho_bench_worker:worker_idle_loop:221 Starting max worker: <0.82.0>
2013-03-28 22:11:37.959 [info] <0.79.0>@basho_bench_worker:worker_idle_loop:221 Starting max worker: <0.79.0>
2013-03-28 22:11:37.959 [debug] <0.114.0>@basho_bench_keygen:sequential_int_generator:160 sequential_int_gen: <0.91.0>: 0 (0%)
2013-03-28 22:11:37.959 [info] <0.6.0> Application basho_bench started on node nonode@nohost
2013-03-28 22:11:37.959 [debug] <0.115.0>@basho_bench_keygen:sequential_int_generator:160 sequential_int_gen: <0.88.0>: 0 (0%)
2013-03-28 22:11:37.959 [debug] <0.116.0>@basho_bench_keygen:sequential_int_generator:160 sequential_int_gen: <0.85.0>: 0 (0%)
2013-03-28 22:11:37.959 [debug] <0.117.0>@basho_bench_keygen:sequential_int_generator:160 sequential_int_gen: <0.82.0>: 0 (0%)
2013-03-28 22:11:37.960 [debug] <0.118.0>@basho_bench_keygen:sequential_int_generator:160 sequential_int_gen: <0.79.0>: 0 (0%)
2013-03-28 22:12:29.846 [debug] <0.119.0>@basho_bench_keygen:sequential_int_generator:160 sequential_int_gen: <0.91.0>: 5000 (5%)
2013-03-28 22:12:29.850 [debug] <0.120.0>@basho_bench_keygen:sequential_int_generator:160 sequential_int_gen: <0.100.0>: 5000 (5%)
2013-03-28 22:12:29.869 [debug] <0.121.0>@basho_bench_keygen:sequential_int_generator:160 sequential_int_gen: <0.88.0>: 5000 (5%)
2013-03-28 22:12:29.892 [debug] <0.122.0>@basho_bench_keygen:sequential_int_generator:160 sequential_int_gen: <0.82.0>: 5000 (5%)
2013-03-28 22:12:29.919 [debug] <0.123.0>@basho_bench_keygen:sequential_int_generator:160 sequential_int_gen: <0.103.0>: 5000 (5%)
2013-03-28 22:12:29.939 [debug] <0.124.0>@basho_bench_keygen:sequential_int_generator:160 sequential_int_gen: <0.94.0>: 5000 (5%)
2013-03-28 22:12:29.951 [debug] <0.125.0>@basho_bench_keygen:sequential_int_generator:160 sequential_int_gen: <0.85.0>: 5000 (5%)
2013-03-28 22:12:29.955 [debug] <0.126.0>@basho_bench_keygen:sequential_int_generator:160 sequential_int_gen: <0.79.0>: 5000 (5%)
2013-03-28 22:12:29.956 [debug] <0.127.0>@basho_bench_keygen:sequential_int_generator:160 sequential_int_gen: <0.97.0>: 5000 (5%)
2013-03-28 22:12:30.091 [debug] <0.128.0>@basho_bench_keygen:sequential_int_generator:160 sequential_int_gen: <0.106.0>: 5000 (5%)
2013-03-28 22:15:18.706 [debug] <0.129.0>@basho_bench_keygen:sequential_int_generator:160 sequential_int_gen: <0.94.0>: 10000 (10%)
2013-03-28 22:15:18.739 [debug] <0.130.0>@basho_bench_keygen:sequential_int_generator:160 sequential_int_gen: <0.85.0>: 10000 (10%)
2013-03-28 22:15:18.945 [debug] <0.131.0>@basho_bench_keygen:sequential_int_generator:160 sequential_int_gen: <0.91.0>: 10000 (10%)
2013-03-28 22:15:18.996 [debug] <0.132.0>@basho_bench_keygen:sequential_int_generator:160 sequential_int_gen: <0.100.0>: 10000 (10%)
2013-03-28 22:15:19.105 [debug] <0.133.0>@basho_bench_keygen:sequential_int_generator:160 sequential_int_gen: <0.88.0>: 10000 (10%)
2013-03-28 22:15:19.128 [debug] <0.134.0>@basho_bench_keygen:sequential_int_generator:160 sequential_int_gen: <0.97.0>: 10000 (10%)
2013-03-28 22:15:19.241 [debug] <0.135.0>@basho_bench_keygen:sequential_int_generator:160 sequential_int_gen: <0.106.0>: 10000 (10%)
2013-03-28 22:15:19.258 [debug] <0.136.0>@basho_bench_keygen:sequential_int_generator:160 sequential_int_gen: <0.103.0>: 10000 (10%)
2013-03-28 22:15:19.432 [debug] <0.137.0>@basho_bench_keygen:sequential_int_generator:160 sequential_int_gen: <0.82.0>: 10000 (10%)
2013-03-28 22:15:19.625 [debug] <0.138.0>@basho_bench_keygen:sequential_int_generator:160 sequential_int_gen: <0.79.0>: 10000 (10%)
2013-03-28 22:17:58.661 [debug] <0.139.0>@basho_bench_keygen:sequential_int_generator:160 sequential_int_gen: <0.100.0>: 15000 (15%)
2013-03-28 22:17:58.661 [debug] <0.140.0>@basho_bench_keygen:sequential_int_generator:160 sequential_int_gen: <0.97.0>: 15000 (15%)
2013-03-28 22:17:58.687 [debug] <0.141.0>@basho_bench_keygen:sequential_int_generator:160 sequential_int_gen: <0.85.0>: 15000 (15%)
2013-03-28 22:17:58.690 [debug] <0.142.0>@basho_bench_keygen:sequential_int_generator:160 sequential_int_gen: <0.91.0>: 15000 (15%)
2013-03-28 22:17:58.829 [debug] <0.143.0>@basho_bench_keygen:sequential_int_generator:160 sequential_int_gen: <0.106.0>: 15000 (15%)
2013-03-28 22:17:58.857 [debug] <0.144.0>@basho_bench_keygen:sequential_int_generator:160 sequential_int_gen: <0.88.0>: 15000 (15%)
2013-03-28 22:17:58.985 [debug] <0.145.0>@basho_bench_keygen:sequential_int_generator:160 sequential_int_gen: <0.94.0>: 15000 (15%)
2013-03-28 22:17:58.991 [debug] <0.146.0>@basho_bench_keygen:sequential_int_generator:160 sequential_int_gen: <0.79.0>: 15000 (15%)
2013-03-28 22:17:59.012 [debug] <0.147.0>@basho_bench_keygen:sequential_int_generator:160 sequential_int_gen: <0.103.0>: 15000 (15%)
2013-03-28 22:17:59.442 [debug] <0.148.0>@basho_bench_keygen:sequential_int_generator:160 sequential_int_gen: <0.82.0>: 15000 (15%)
2013-03-28 22:20:40.642 [debug] <0.149.0>@basho_bench_keygen:sequential_int_generator:160 sequential_int_gen: <0.88.0>: 20000 (20%)
2013-03-28 22:20:40.655 [debug] <0.150.0>@basho_bench_keygen:sequential_int_generator:160 sequential_int_gen: <0.82.0>: 20000 (20%)
2013-03-28 22:20:40.666 [debug] <0.151.0>@basho_bench_keygen:sequential_int_generator:160 sequential_int_gen: <0.91.0>: 20000 (20%)
2013-03-28 22:20:40.687 [debug] <0.152.0>@basho_bench_keygen:sequential_int_generator:160 sequential_int_gen: <0.103.0>: 20000 (20%)
2013-03-28 22:20:40.709 [debug] <0.153.0>@basho_bench_keygen:sequential_int_generator:160 sequential_int_gen: <0.79.0>: 20000 (20%)
2013-03-28 22:20:40.716 [debug] <0.154.0>@basho_bench_keygen:sequential_int_generator:160 sequential_int_gen: <0.94.0>: 20000 (20%)
2013-03-28 22:20:40.717 [debug] <0.155.0>@basho_bench_keygen:sequential_int_generator:160 sequential_int_gen: <0.106.0>: 20000 (20%)
2013-03-28 22:20:40.740 [debug] <0.156.0>@basho_bench_keygen:sequential_int_generator:160 sequential_int_gen: <0.85.0>: 20000 (20%)
2013-03-28 22:20:40.866 [debug] <0.157.0>@basho_bench_keygen:sequential_int_generator:160 sequential_int_gen: <0.97.0>: 20000 (20%)
2013-03-28 22:20:40.869 [debug] <0.158.0>@basho_bench_keygen:sequential_int_generator:160 sequential_int_gen: <0.100.0>: 20000 (20%)
2013-03-28 22:23:23.719 [debug] <0.159.0>@basho_bench_keygen:sequential_int_generator:160 sequential_int_gen: <0.85.0>: 25000 (25%)
2013-03-28 22:23:23.725 [debug] <0.160.0>@basho_bench_keygen:sequential_int_generator:160 sequential_int_gen: <0.91.0>: 25000 (25%)
2013-03-28 22:23:23.770 [debug] <0.161.0>@basho_bench_keygen:sequential_int_generator:160 sequential_int_gen: <0.103.0>: 25000 (25%)
2013-03-28 22:23:23.801 [debug] <0.162.0>@basho_bench_keygen:sequential_int_generator:160 sequential_int_gen: <0.97.0>: 25000 (25%)
2013-03-28 22:23:23.872 [debug] <0.163.0>@basho_bench_keygen:sequential_int_generator:160 sequential_int_gen: <0.106.0>: 25000 (25%)
2013-03-28 22:23:23.894 [debug] <0.164.0>@basho_bench_keygen:sequential_int_generator:160 sequential_int_gen: <0.88.0>: 25000 (25%)
2013-03-28 22:23:23.936 [debug] <0.165.0>@basho_bench_keygen:sequential_int_generator:160 sequential_int_gen: <0.94.0>: 25000 (25%)
2013-03-28 22:23:23.997 [debug] <0.166.0>@basho_bench_keygen:sequential_int_generator:160 sequential_int_gen: <0.100.0>: 25000 (25%)
2013-03-28 22:23:24.243 [debug] <0.167.0>@basho_bench_keygen:sequential_int_generator:160 sequential_int_gen: <0.82.0>: 25000 (25%)
2013-03-28 22:23:24.262 [debug] <0.168.0>@basho_bench_keygen:sequential_int_generator:160 sequential_int_gen: <0.79.0>: 25000 (25%)
2013-03-28 22:26:13.543 [debug] <0.169.0>@basho_bench_keygen:sequential_int_generator:160 sequential_int_gen: <0.91.0>: 30000 (30%)
2013-03-28 22:26:13.552 [debug] <0.170.0>@basho_bench_keygen:sequential_int_generator:160 sequential_int_gen: <0.85.0>: 30000 (30%)
2013-03-28 22:26:13.566 [debug] <0.171.0>@basho_bench_keygen:sequential_int_generator:160 sequential_int_gen: <0.97.0>: 30000 (30%)
2013-03-28 22:26:13.568 [debug] <0.172.0>@basho_bench_keygen:sequential_int_generator:160 sequential_int_gen: <0.100.0>: 30000 (30%)
2013-03-28 22:26:13.603 [debug] <0.173.0>@basho_bench_keygen:sequential_int_generator:160 sequential_int_gen: <0.79.0>: 30000 (30%)
2013-03-28 22:26:13.675 [debug] <0.174.0>@basho_bench_keygen:sequential_int_generator:160 sequential_int_gen: <0.82.0>: 30000 (30%)
2013-03-28 22:26:13.684 [debug] <0.175.0>@basho_bench_keygen:sequential_int_generator:160 sequential_int_gen: <0.94.0>: 30000 (30%)
2013-03-28 22:26:13.699 [debug] <0.176.0>@basho_bench_keygen:sequential_int_generator:160 sequential_int_gen: <0.106.0>: 30000 (30%)
2013-03-28 22:26:13.840 [debug] <0.177.0>@basho_bench_keygen:sequential_int_generator:160 sequential_int_gen: <0.88.0>: 30000 (30%)
2013-03-28 22:26:13.952 [debug] <0.178.0>@basho_bench_keygen:sequential_int_generator:160 sequential_int_gen: <0.103.0>: 30000 (30%)
2013-03-28 22:29:05.700 [debug] <0.179.0>@basho_bench_keygen:sequential_int_generator:160 sequential_int_gen: <0.97.0>: 35000 (35%)
2013-03-28 22:29:05.708 [debug] <0.180.0>@basho_bench_keygen:sequential_int_generator:160 sequential_int_gen: <0.94.0>: 35000 (35%)
2013-03-28 22:29:05.712 [debug] <0.181.0>@basho_bench_keygen:sequential_int_generator:160 sequential_int_gen: <0.79.0>: 35000 (35%)
2013-03-28 22:29:05.718 [debug] <0.182.0>@basho_bench_keygen:sequential_int_generator:160 sequential_int_gen: <0.91.0>: 35000 (35%)
2013-03-28 22:29:05.729 [debug] <0.183.0>@basho_bench_keygen:sequential_int_generator:160 sequential_int_gen: <0.106.0>: 35000 (35%)
2013-03-28 22:29:05.744 [debug] <0.184.0>@basho_bench_keygen:sequential_int_generator:160 sequential_int_gen: <0.100.0>: 35000 (35%)
2013-03-28 22:29:05.790 [debug] <0.185.0>@basho_bench_keygen:sequential_int_generator:160 sequential_int_gen: <0.88.0>: 35000 (35%)
2013-03-28 22:29:05.792 [debug] <0.186.0>@basho_bench_keygen:sequential_int_generator:160 sequential_int_gen: <0.82.0>: 35000 (35%)
2013-03-28 22:29:05.895 [debug] <0.187.0>@basho_bench_keygen:sequential_int_generator:160 sequential_int_gen: <0.103.0>: 35000 (35%)
2013-03-28 22:29:05.899 [debug] <0.188.0>@basho_bench_keygen:sequential_int_generator:160 sequential_int_gen: <0.85.0>: 35000 (35%)
2013-03-28 22:31:58.231 [debug] <0.189.0>@basho_bench_keygen:sequential_int_generator:160 sequential_int_gen: <0.100.0>: 40000 (40%)
2013-03-28 22:31:58.250 [debug] <0.190.0>@basho_bench_keygen:sequential_int_generator:160 sequential_int_gen: <0.97.0>: 40000 (40%)
2013-03-28 22:31:58.269 [debug] <0.191.0>@basho_bench_keygen:sequential_int_generator:160 sequential_int_gen: <0.91.0>: 40000 (40%)
2013-03-28 22:31:58.271 [debug] <0.192.0>@basho_bench_keygen:sequential_int_generator:160 sequential_int_gen: <0.106.0>: 40000 (40%)
2013-03-28 22:31:58.280 [debug] <0.193.0>@basho_bench_keygen:sequential_int_generator:160 sequential_int_gen: <0.85.0>: 40000 (40%)
2013-03-28 22:31:58.295 [debug] <0.194.0>@basho_bench_keygen:sequential_int_generator:160 sequential_int_gen: <0.82.0>: 40000 (40%)
2013-03-28 22:31:58.296 [debug] <0.195.0>@basho_bench_keygen:sequential_int_generator:160 sequential_int_gen: <0.103.0>: 40000 (40%)
2013-03-28 22:31:58.323 [debug] <0.196.0>@basho_bench_keygen:sequential_int_generator:160 sequential_int_gen: <0.94.0>: 40000 (40%)
2013-03-28 22:31:58.334 [debug] <0.197.0>@basho_bench_keygen:sequential_int_generator:160 sequential_int_gen: <0.88.0>: 40000 (40%)
2013-03-28 22:32:01.383 [debug] <0.198.0>@basho_bench_keygen:sequential_int_generator:160 sequential_int_gen: <0.79.0>: 40000 (40%)
2013-03-28 22:34:49.177 [debug] <0.199.0>@basho_bench_keygen:sequential_int_generator:160 sequential_int_gen: <0.97.0>: 45000 (45%)
2013-03-28 22:34:49.256 [debug] <0.200.0>@basho_bench_keygen:sequential_int_generator:160 sequential_int_gen: <0.100.0>: 45000 (45%)
2013-03-28 22:34:49.258 [debug] <0.201.0>@basho_bench_keygen:sequential_int_generator:160 sequential_int_gen: <0.85.0>: 45000 (45%)
2013-03-28 22:34:49.266 [debug] <0.202.0>@basho_bench_keygen:sequential_int_generator:160 sequential_int_gen: <0.106.0>: 45000 (45%)
2013-03-28 22:34:49.268 [debug] <0.203.0>@basho_bench_keygen:sequential_int_generator:160 sequential_int_gen: <0.79.0>: 45000 (45%)
2013-03-28 22:34:49.287 [debug] <0.204.0>@basho_bench_keygen:sequential_int_generator:160 sequential_int_gen: <0.88.0>: 45000 (45%)
2013-03-28 22:34:49.289 [debug] <0.205.0>@basho_bench_keygen:sequential_int_generator:160 sequential_int_gen: <0.94.0>: 45000 (45%)
2013-03-28 22:34:49.365 [debug] <0.206.0>@basho_bench_keygen:sequential_int_generator:160 sequential_int_gen: <0.91.0>: 45000 (45%)
2013-03-28 22:34:49.382 [debug] <0.207.0>@basho_bench_keygen:sequential_int_generator:160 sequential_int_gen: <0.103.0>: 45000 (45%)
2013-03-28 22:34:49.430 [debug] <0.208.0>@basho_bench_keygen:sequential_int_generator:160 sequential_int_gen: <0.82.0>: 45000 (45%)
2013-03-28 22:37:43.141 [debug] <0.209.0>@basho_bench_keygen:sequential_int_generator:160 sequential_int_gen: <0.103.0>: 50000 (50%)
2013-03-28 22:37:43.146 [debug] <0.210.0>@basho_bench_keygen:sequential_int_generator:160 sequential_int_gen: <0.91.0>: 50000 (50%)
2013-03-28 22:37:43.160 [debug] <0.211.0>@basho_bench_keygen:sequential_int_generator:160 sequential_int_gen: <0.79.0>: 50000 (50%)
2013-03-28 22:37:43.203 [debug] <0.212.0>@basho_bench_keygen:sequential_int_generator:160 sequential_int_gen: <0.88.0>: 50000 (50%)
2013-03-28 22:37:43.270 [debug] <0.213.0>@basho_bench_keygen:sequential_int_generator:160 sequential_int_gen: <0.94.0>: 50000 (50%)
2013-03-28 22:37:43.296 [debug] <0.214.0>@basho_bench_keygen:sequential_int_generator:160 sequential_int_gen: <0.100.0>: 50000 (50%)
2013-03-28 22:37:43.351 [debug] <0.215.0>@basho_bench_keygen:sequential_int_generator:160 sequential_int_gen: <0.85.0>: 50000 (50%)
2013-03-28 22:37:43.353 [debug] <0.216.0>@basho_bench_keygen:sequential_int_generator:160 sequential_int_gen: <0.97.0>: 50000 (50%)
2013-03-28 22:37:43.386 [debug] <0.217.0>@basho_bench_keygen:sequential_int_generator:160 sequential_int_gen: <0.82.0>: 50000 (50%)
2013-03-28 22:37:44.124 [debug] <0.218.0>@basho_bench_keygen:sequential_int_generator:160 sequential_int_gen: <0.106.0>: 50000 (50%)
2013-03-28 22:39:19.301 [debug] <0.219.0>@basho_bench_keygen:sequential_int_generator:160 sequential_int_gen: <0.97.0>: 55000 (55%)
2013-03-28 22:39:19.310 [debug] <0.220.0>@basho_bench_keygen:sequential_int_generator:160 sequential_int_gen: <0.91.0>: 55000 (55%)
2013-03-28 22:39:19.311 [debug] <0.221.0>@basho_bench_keygen:sequential_int_generator:160 sequential_int_gen: <0.94.0>: 55000 (55%)
2013-03-28 22:39:19.312 [debug] <0.222.0>@basho_bench_keygen:sequential_int_generator:160 sequential_int_gen: <0.85.0>: 55000 (55%)
2013-03-28 22:39:19.314 [debug] <0.223.0>@basho_bench_keygen:sequential_int_generator:160 sequential_int_gen: <0.79.0>: 55000 (55%)
2013-03-28 22:39:19.314 [debug] <0.224.0>@basho_bench_keygen:sequential_int_generator:160 sequential_int_gen: <0.103.0>: 55000 (55%)
2013-03-28 22:39:19.334 [debug] <0.225.0>@basho_bench_keygen:sequential_int_generator:160 sequential_int_gen: <0.88.0>: 55000 (55%)
2013-03-28 22:39:19.335 [debug] <0.226.0>@basho_bench_keygen:sequential_int_generator:160 sequential_int_gen: <0.106.0>: 55000 (55%)
2013-03-28 22:39:19.335 [debug] <0.227.0>@basho_bench_keygen:sequential_int_generator:160 sequential_int_gen: <0.82.0>: 55000 (55%)
2013-03-28 22:39:19.397 [debug] <0.228.0>@basho_bench_keygen:sequential_int_generator:160 sequential_int_gen: <0.100.0>: 55000 (55%)
2013-03-28 22:40:55.204 [debug] <0.229.0>@basho_bench_keygen:sequential_int_generator:160 sequential_int_gen: <0.97.0>: 60000 (60%)
2013-03-28 22:40:55.207 [debug] <0.230.0>@basho_bench_keygen:sequential_int_generator:160 sequential_int_gen: <0.103.0>: 60000 (60%)
2013-03-28 22:40:55.208 [debug] <0.231.0>@basho_bench_keygen:sequential_int_generator:160 sequential_int_gen: <0.85.0>: 60000 (60%)
2013-03-28 22:40:55.208 [debug] <0.232.0>@basho_bench_keygen:sequential_int_generator:160 sequential_int_gen: <0.91.0>: 60000 (60%)
2013-03-28 22:40:55.215 [debug] <0.233.0>@basho_bench_keygen:sequential_int_generator:160 sequential_int_gen: <0.82.0>: 60000 (60%)
2013-03-28 22:40:55.224 [debug] <0.234.0>@basho_bench_keygen:sequential_int_generator:160 sequential_int_gen: <0.100.0>: 60000 (60%)
2013-03-28 22:40:55.226 [debug] <0.235.0>@basho_bench_keygen:sequential_int_generator:160 sequential_int_gen: <0.88.0>: 60000 (60%)
2013-03-28 22:40:55.251 [debug] <0.236.0>@basho_bench_keygen:sequential_int_generator:160 sequential_int_gen: <0.106.0>: 60000 (60%)
2013-03-28 22:40:55.631 [debug] <0.237.0>@basho_bench_keygen:sequential_int_generator:160 sequential_int_gen: <0.94.0>: 60000 (60%)
2013-03-28 22:40:55.798 [debug] <0.238.0>@basho_bench_keygen:sequential_int_generator:160 sequential_int_gen: <0.79.0>: 60000 (60%)
2013-03-28 22:42:29.777 [debug] <0.239.0>@basho_bench_keygen:sequential_int_generator:160 sequential_int_gen: <0.91.0>: 65000 (65%)
2013-03-28 22:42:29.788 [debug] <0.240.0>@basho_bench_keygen:sequential_int_generator:160 sequential_int_gen: <0.100.0>: 65000 (65%)
2013-03-28 22:42:29.790 [debug] <0.241.0>@basho_bench_keygen:sequential_int_generator:160 sequential_int_gen: <0.103.0>: 65000 (65%)
2013-03-28 22:42:29.792 [debug] <0.242.0>@basho_bench_keygen:sequential_int_generator:160 sequential_int_gen: <0.106.0>: 65000 (65%)
2013-03-28 22:42:29.814 [debug] <0.243.0>@basho_bench_keygen:sequential_int_generator:160 sequential_int_gen: <0.85.0>: 65000 (65%)
2013-03-28 22:42:29.838 [debug] <0.244.0>@basho_bench_keygen:sequential_int_generator:160 sequential_int_gen: <0.88.0>: 65000 (65%)
2013-03-28 22:42:29.858 [debug] <0.245.0>@basho_bench_keygen:sequential_int_generator:160 sequential_int_gen: <0.82.0>: 65000 (65%)
2013-03-28 22:42:29.866 [debug] <0.246.0>@basho_bench_keygen:sequential_int_generator:160 sequential_int_gen: <0.94.0>: 65000 (65%)
2013-03-28 22:42:29.882 [debug] <0.247.0>@basho_bench_keygen:sequential_int_generator:160 sequential_int_gen: <0.79.0>: 65000 (65%)
2013-03-28 22:42:30.024 [debug] <0.248.0>@basho_bench_keygen:sequential_int_generator:160 sequential_int_gen: <0.97.0>: 65000 (65%)
2013-03-28 22:44:05.385 [debug] <0.249.0>@basho_bench_keygen:sequential_int_generator:160 sequential_int_gen: <0.94.0>: 70000 (70%)
2013-03-28 22:44:05.399 [debug] <0.250.0>@basho_bench_keygen:sequential_int_generator:160 sequential_int_gen: <0.88.0>: 70000 (70%)
2013-03-28 22:44:05.400 [debug] <0.251.0>@basho_bench_keygen:sequential_int_generator:160 sequential_int_gen: <0.103.0>: 70000 (70%)
2013-03-28 22:44:05.411 [debug] <0.252.0>@basho_bench_keygen:sequential_int_generator:160 sequential_int_gen: <0.85.0>: 70000 (70%)
2013-03-28 22:44:05.421 [debug] <0.253.0>@basho_bench_keygen:sequential_int_generator:160 sequential_int_gen: <0.91.0>: 70000 (70%)
2013-03-28 22:44:05.423 [debug] <0.254.0>@basho_bench_keygen:sequential_int_generator:160 sequential_int_gen: <0.100.0>: 70000 (70%)
2013-03-28 22:44:05.482 [debug] <0.255.0>@basho_bench_keygen:sequential_int_generator:160 sequential_int_gen: <0.79.0>: 70000 (70%)
2013-03-28 22:44:05.486 [debug] <0.256.0>@basho_bench_keygen:sequential_int_generator:160 sequential_int_gen: <0.106.0>: 70000 (70%)
2013-03-28 22:44:05.522 [debug] <0.257.0>@basho_bench_keygen:sequential_int_generator:160 sequential_int_gen: <0.82.0>: 70000 (70%)
2013-03-28 22:44:05.589 [debug] <0.258.0>@basho_bench_keygen:sequential_int_generator:160 sequential_int_gen: <0.97.0>: 70000 (70%)
2013-03-28 22:45:42.518 [debug] <0.259.0>@basho_bench_keygen:sequential_int_generator:160 sequential_int_gen: <0.91.0>: 75000 (75%)
2013-03-28 22:45:42.519 [debug] <0.260.0>@basho_bench_keygen:sequential_int_generator:160 sequential_int_gen: <0.97.0>: 75000 (75%)
2013-03-28 22:45:42.520 [debug] <0.261.0>@basho_bench_keygen:sequential_int_generator:160 sequential_int_gen: <0.85.0>: 75000 (75%)
2013-03-28 22:45:42.538 [debug] <0.262.0>@basho_bench_keygen:sequential_int_generator:160 sequential_int_gen: <0.88.0>: 75000 (75%)
2013-03-28 22:45:42.539 [debug] <0.263.0>@basho_bench_keygen:sequential_int_generator:160 sequential_int_gen: <0.94.0>: 75000 (75%)
2013-03-28 22:45:42.550 [debug] <0.264.0>@basho_bench_keygen:sequential_int_generator:160 sequential_int_gen: <0.103.0>: 75000 (75%)
2013-03-28 22:45:42.561 [debug] <0.265.0>@basho_bench_keygen:sequential_int_generator:160 sequential_int_gen: <0.106.0>: 75000 (75%)
2013-03-28 22:45:42.575 [debug] <0.266.0>@basho_bench_keygen:sequential_int_generator:160 sequential_int_gen: <0.100.0>: 75000 (75%)
2013-03-28 22:45:42.583 [debug] <0.267.0>@basho_bench_keygen:sequential_int_generator:160 sequential_int_gen: <0.82.0>: 75000 (75%)
2013-03-28 22:45:42.632 [debug] <0.268.0>@basho_bench_keygen:sequential_int_generator:160 sequential_int_gen: <0.79.0>: 75000 (75%)
2013-03-28 22:47:19.084 [debug] <0.269.0>@basho_bench_keygen:sequential_int_generator:160 sequential_int_gen: <0.79.0>: 80000 (80%)
2013-03-28 22:47:19.087 [debug] <0.270.0>@basho_bench_keygen:sequential_int_generator:160 sequential_int_gen: <0.97.0>: 80000 (80%)
2013-03-28 22:47:19.107 [debug] <0.271.0>@basho_bench_keygen:sequential_int_generator:160 sequential_int_gen: <0.100.0>: 80000 (80%)
2013-03-28 22:47:19.113 [debug] <0.272.0>@basho_bench_keygen:sequential_int_generator:160 sequential_int_gen: <0.85.0>: 80000 (80%)
2013-03-28 22:47:19.120 [debug] <0.273.0>@basho_bench_keygen:sequential_int_generator:160 sequential_int_gen: <0.88.0>: 80000 (80%)
2013-03-28 22:47:19.151 [debug] <0.274.0>@basho_bench_keygen:sequential_int_generator:160 sequential_int_gen: <0.82.0>: 80000 (80%)
2013-03-28 22:47:19.159 [debug] <0.275.0>@basho_bench_keygen:sequential_int_generator:160 sequential_int_gen: <0.94.0>: 80000 (80%)
2013-03-28 22:47:19.161 [debug] <0.276.0>@basho_bench_keygen:sequential_int_generator:160 sequential_int_gen: <0.91.0>: 80000 (80%)
2013-03-28 22:47:19.177 [debug] <0.277.0>@basho_bench_keygen:sequential_int_generator:160 sequential_int_gen: <0.106.0>: 80000 (80%)
2013-03-28 22:47:24.014 [debug] <0.278.0>@basho_bench_keygen:sequential_int_generator:160 sequential_int_gen: <0.103.0>: 80000 (80%)
2013-03-28 22:48:57.533 [debug] <0.279.0>@basho_bench_keygen:sequential_int_generator:160 sequential_int_gen: <0.91.0>: 85000 (85%)
2013-03-28 22:48:57.536 [debug] <0.280.0>@basho_bench_keygen:sequential_int_generator:160 sequential_int_gen: <0.97.0>: 85000 (85%)
2013-03-28 22:48:57.544 [debug] <0.281.0>@basho_bench_keygen:sequential_int_generator:160 sequential_int_gen: <0.79.0>: 85000 (85%)
2013-03-28 22:48:57.551 [debug] <0.282.0>@basho_bench_keygen:sequential_int_generator:160 sequential_int_gen: <0.85.0>: 85000 (85%)
2013-03-28 22:48:57.553 [debug] <0.283.0>@basho_bench_keygen:sequential_int_generator:160 sequential_int_gen: <0.106.0>: 85000 (85%)
2013-03-28 22:48:57.566 [debug] <0.284.0>@basho_bench_keygen:sequential_int_generator:160 sequential_int_gen: <0.103.0>: 85000 (85%)
2013-03-28 22:48:57.566 [debug] <0.285.0>@basho_bench_keygen:sequential_int_generator:160 sequential_int_gen: <0.82.0>: 85000 (85%)
2013-03-28 22:48:57.572 [debug] <0.286.0>@basho_bench_keygen:sequential_int_generator:160 sequential_int_gen: <0.100.0>: 85000 (85%)
2013-03-28 22:48:57.953 [debug] <0.287.0>@basho_bench_keygen:sequential_int_generator:160 sequential_int_gen: <0.88.0>: 85000 (85%)
2013-03-28 22:49:02.197 [debug] <0.288.0>@basho_bench_keygen:sequential_int_generator:160 sequential_int_gen: <0.94.0>: 85000 (85%)
2013-03-28 22:50:41.334 [debug] <0.289.0>@basho_bench_keygen:sequential_int_generator:160 sequential_int_gen: <0.91.0>: 90000 (90%)
2013-03-28 22:50:41.344 [debug] <0.290.0>@basho_bench_keygen:sequential_int_generator:160 sequential_int_gen: <0.94.0>: 90000 (90%)
2013-03-28 22:50:41.345 [debug] <0.291.0>@basho_bench_keygen:sequential_int_generator:160 sequential_int_gen: <0.79.0>: 90000 (90%)
2013-03-28 22:50:41.353 [debug] <0.292.0>@basho_bench_keygen:sequential_int_generator:160 sequential_int_gen: <0.85.0>: 90000 (90%)
2013-03-28 22:50:41.378 [debug] <0.293.0>@basho_bench_keygen:sequential_int_generator:160 sequential_int_gen: <0.97.0>: 90000 (90%)
2013-03-28 22:50:41.383 [debug] <0.294.0>@basho_bench_keygen:sequential_int_generator:160 sequential_int_gen: <0.82.0>: 90000 (90%)
2013-03-28 22:50:41.403 [debug] <0.295.0>@basho_bench_keygen:sequential_int_generator:160 sequential_int_gen: <0.106.0>: 90000 (90%)
2013-03-28 22:50:41.414 [debug] <0.296.0>@basho_bench_keygen:sequential_int_generator:160 sequential_int_gen: <0.103.0>: 90000 (90%)
2013-03-28 22:50:41.541 [debug] <0.297.0>@basho_bench_keygen:sequential_int_generator:160 sequential_int_gen: <0.100.0>: 90000 (90%)
2013-03-28 22:50:42.042 [debug] <0.298.0>@basho_bench_keygen:sequential_int_generator:160 sequential_int_gen: <0.88.0>: 90000 (90%)
2013-03-28 22:52:25.007 [debug] <0.299.0>@basho_bench_keygen:sequential_int_generator:160 sequential_int_gen: <0.97.0>: 95000 (95%)
2013-03-28 22:52:25.009 [debug] <0.300.0>@basho_bench_keygen:sequential_int_generator:160 sequential_int_gen: <0.79.0>: 95000 (95%)
2013-03-28 22:52:25.010 [debug] <0.301.0>@basho_bench_keygen:sequential_int_generator:160 sequential_int_gen: <0.91.0>: 95000 (95%)
2013-03-28 22:52:25.013 [debug] <0.302.0>@basho_bench_keygen:sequential_int_generator:160 sequential_int_gen: <0.85.0>: 95000 (95%)
2013-03-28 22:52:25.015 [debug] <0.303.0>@basho_bench_keygen:sequential_int_generator:160 sequential_int_gen: <0.82.0>: 95000 (95%)
2013-03-28 22:52:25.020 [debug] <0.304.0>@basho_bench_keygen:sequential_int_generator:160 sequential_int_gen: <0.103.0>: 95000 (95%)
2013-03-28 22:52:25.022 [debug] <0.305.0>@basho_bench_keygen:sequential_int_generator:160 sequential_int_gen: <0.106.0>: 95000 (95%)
2013-03-28 22:52:25.042 [debug] <0.306.0>@basho_bench_keygen:sequential_int_generator:160 sequential_int_gen: <0.88.0>: 95000 (95%)
2013-03-28 22:52:25.100 [debug] <0.307.0>@basho_bench_keygen:sequential_int_generator:160 sequential_int_gen: <0.100.0>: 95000 (95%)
2013-03-28 22:52:25.476 [debug] <0.308.0>@basho_bench_keygen:sequential_int_generator:160 sequential_int_gen: <0.94.0>: 95000 (95%)
2013-03-28 22:54:10.280 [info] <0.91.0>@basho_bench_worker:worker_next_op:271 Driver basho_bench_driver_riakc_pb (<0.91.0>) has requested stop: empty_keygen
2013-03-28 22:54:10.287 [info] <0.85.0>@basho_bench_worker:worker_next_op:271 Driver basho_bench_driver_riakc_pb (<0.85.0>) has requested stop: empty_keygen
2013-03-28 22:54:10.290 [info] <0.106.0>@basho_bench_worker:worker_next_op:271 Driver basho_bench_driver_riakc_pb (<0.106.0>) has requested stop: empty_keygen
2013-03-28 22:54:10.293 [info] <0.79.0>@basho_bench_worker:worker_next_op:271 Driver basho_bench_driver_riakc_pb (<0.79.0>) has requested stop: empty_keygen
2013-03-28 22:54:10.295 [info] <0.100.0>@basho_bench_worker:worker_next_op:271 Driver basho_bench_driver_riakc_pb (<0.100.0>) has requested stop: empty_keygen
2013-03-28 22:54:10.308 [info] <0.88.0>@basho_bench_worker:worker_next_op:271 Driver basho_bench_driver_riakc_pb (<0.88.0>) has requested stop: empty_keygen
2013-03-28 22:54:10.353 [info] <0.82.0>@basho_bench_worker:worker_next_op:271 Driver basho_bench_driver_riakc_pb (<0.82.0>) has requested stop: empty_keygen
2013-03-28 22:54:10.412 [info] <0.97.0>@basho_bench_worker:worker_next_op:271 Driver basho_bench_driver_riakc_pb (<0.97.0>) has requested stop: empty_keygen
2013-03-28 22:54:10.472 [info] <0.103.0>@basho_bench_worker:worker_next_op:271 Driver basho_bench_driver_riakc_pb (<0.103.0>) has requested stop: empty_keygen
2013-03-28 22:54:10.557 [info] <0.94.0>@basho_bench_worker:worker_next_op:271 Driver basho_bench_driver_riakc_pb (<0.94.0>) has requested stop: empty_keygen
2013-03-28 22:54:10.572 [info] <0.67.0>@basho_bench_stats:report_total_errors:318 No Errors.
2013-03-28 22:54:10.572 [info] <0.2.0>@basho_bench:wait_for_stop:181 Test stopped: shutdown
